\BOOKMARK [2][-]{subsection.0.0.1}{Source}{}% 1
\BOOKMARK [1][-]{section.0.1}{Authors}{}% 2
\BOOKMARK [2][-]{subsection.0.1.1}{Contributors}{section.0.1}% 3
\BOOKMARK [1][-]{section.0.2}{What\040is\040it?}{}% 4
\BOOKMARK [0][-]{chapter.1}{Requirements}{}% 5
\BOOKMARK [0][-]{chapter.2}{Controller\040Node}{}% 6
\BOOKMARK [1][-]{section.2.1}{Preparing\040Ubuntu}{chapter.2}% 7
\BOOKMARK [1][-]{section.2.2}{Networking}{chapter.2}% 8
\BOOKMARK [1][-]{section.2.3}{MySQL\040&\040RabbitMQ}{chapter.2}% 9
\BOOKMARK [1][-]{section.2.4}{RabbitMQ}{chapter.2}% 10
\BOOKMARK [1][-]{section.2.5}{Others}{chapter.2}% 11
\BOOKMARK [1][-]{section.2.6}{Keystone}{chapter.2}% 12
\BOOKMARK [1][-]{section.2.7}{Glance}{chapter.2}% 13
\BOOKMARK [1][-]{section.2.8}{Quantum}{chapter.2}% 14
\BOOKMARK [1][-]{section.2.9}{Nova}{chapter.2}% 15
\BOOKMARK [1][-]{section.2.10}{Cinder}{chapter.2}% 16
\BOOKMARK [1][-]{section.2.11}{Horizon}{chapter.2}% 17
\BOOKMARK [0][-]{chapter.3}{Network\040Node}{}% 18
\BOOKMARK [1][-]{section.3.1}{Preparing\040the\040Node}{chapter.3}% 19
\BOOKMARK [1][-]{section.3.2}{Networking}{chapter.3}% 20
\BOOKMARK [1][-]{section.3.3}{OpenVSwitch\040\(Part1\)}{chapter.3}% 21
\BOOKMARK [1][-]{section.3.4}{Quantum}{chapter.3}% 22
\BOOKMARK [1][-]{section.3.5}{OpenVSwitch\040\(Part2\)}{chapter.3}% 23
\BOOKMARK [0][-]{chapter.4}{Compute\040Node}{}% 24
\BOOKMARK [1][-]{section.4.1}{Preparing\040the\040Node}{chapter.4}% 25
\BOOKMARK [1][-]{section.4.2}{Networking}{chapter.4}% 26
\BOOKMARK [1][-]{section.4.3}{KVM}{chapter.4}% 27
\BOOKMARK [1][-]{section.4.4}{OpenVSwitch}{chapter.4}% 28
\BOOKMARK [1][-]{section.4.5}{Quantum}{chapter.4}% 29
\BOOKMARK [1][-]{section.4.6}{Nova}{chapter.4}% 30
\BOOKMARK [0][-]{chapter.5}{Your\040first\040VM}{}% 31
\BOOKMARK [0][-]{chapter.6}{Licensing}{}% 32
\BOOKMARK [0][-]{chapter.7}{Credits}{}% 33
