This is XeTeX, Version 3.1415926-2.4-0.9998 (TeX Live 2012) (format=xelatex 2012.6.30)  1 JUN 2013 20:02
entering extended mode
 restricted \write18 enabled.
 %&-line parsing enabled.
**latest.tex
(./latest.tex
LaTeX2e <2011/06/27>
Babel <v3.8m> and hyphenation patterns for english, dumylang, nohyphenation, ge
rman-x-2012-05-30, ngerman-x-2012-05-30, afrikaans, ancientgreek, ibycus, arabi
c, armenian, basque, bulgarian, catalan, pinyin, coptic, croatian, czech, danis
h, dutch, ukenglish, usenglishmax, esperanto, estonian, ethiopic, farsi, finnis
h, french, friulan, galician, german, ngerman, swissgerman, monogreek, greek, h
ungarian, icelandic, assamese, bengali, gujarati, hindi, kannada, malayalam, ma
rathi, oriya, panjabi, tamil, telugu, indonesian, interlingua, irish, italian, 
kurmanji, latin, latvian, lithuanian, mongolian, mongolianlmc, bokmal, nynorsk,
 polish, portuguese, romanian, romansh, russian, sanskrit, serbian, serbianc, s
lovak, slovenian, spanish, swedish, turkish, turkmen, ukrainian, uppersorbian, 
welsh, loaded.
(/Users/nmontes/Library/texmf/tex/latex/mmd/mmd-abitbol-header.tex)
(/Users/nmontes/Library/texmf/tex/latex/mmd/abitbolreport.cls
(/usr/local/texlive/2012/texmf-dist/tex/latex/booktabs/booktabs.sty
Package: booktabs 2005/04/14 v1.61803 publication quality tables
\heavyrulewidth=\dimen102
\lightrulewidth=\dimen103
\cmidrulewidth=\dimen104
\belowrulesep=\dimen105
\belowbottomsep=\dimen106
\aboverulesep=\dimen107
\abovetopsep=\dimen108
\cmidrulesep=\dimen109
\cmidrulekern=\dimen110
\defaultaddspace=\dimen111
\@cmidla=\count80
\@cmidlb=\count81
\@aboverulesep=\dimen112
\@belowrulesep=\dimen113
\@thisruleclass=\count82
\@lastruleclass=\count83
\@thisrulewidth=\dimen114
)
(/usr/local/texlive/2012/texmf-dist/tex/latex/tabulary/tabulary.sty
Package: tabulary 2008/12/01 v0.9 tabulary package (DPC)

(/usr/local/texlive/2012/texmf-dist/tex/latex/tools/array.sty
Package: array 2008/09/09 v2.4c Tabular extension package (FMi)
\col@sep=\dimen115
\extrarowheight=\dimen116
\NC@list=\toks14
\extratabsurround=\skip41
\backup@length=\skip42
)
\TY@count=\count84
\TY@linewidth=\dimen117
\tymin=\dimen118
\tymax=\dimen119
\TY@tablewidth=\dimen120
)
Document Class: abitbolreport 
(/usr/local/texlive/2012/texmf-dist/tex/latex/koma-script/scrreprt.cls
Document Class: scrreprt 2012/05/15 v3.11 KOMA-Script document class (report)
(/usr/local/texlive/2012/texmf-dist/tex/latex/koma-script/scrkbase.sty
Package: scrkbase 2012/05/15 v3.11 KOMA-Script package (KOMA-Script-dependent b
asics and keyval usage)

(/usr/local/texlive/2012/texmf-dist/tex/latex/koma-script/scrbase.sty
Package: scrbase 2012/05/15 v3.11 KOMA-Script package (KOMA-Script-independent 
basics and keyval usage)

(/usr/local/texlive/2012/texmf-dist/tex/latex/graphics/keyval.sty
Package: keyval 1999/03/16 v1.13 key=value parser (DPC)
\KV@toks@=\toks15
)
(/usr/local/texlive/2012/texmf-dist/tex/latex/koma-script/scrlfile.sty
Package: scrlfile 2011/03/09 v3.09 KOMA-Script package (loading files)

Package scrlfile, 2011/03/09 v3.09 KOMA-Script package (loading files)
                  Copyright (C) Markus Kohm

))) (/usr/local/texlive/2012/texmf-dist/tex/latex/koma-script/tocbasic.sty
Package: tocbasic 2012/04/04 v3.10b KOMA-Script package (handling toc-files)
)
Package tocbasic Info: omitting babel extension for `toc'
(tocbasic)             because of feature `nobabel' available
(tocbasic)             for `toc' on input line 117.
Package tocbasic Info: omitting babel extension for `lof'
(tocbasic)             because of feature `nobabel' available
(tocbasic)             for `lof' on input line 118.
Package tocbasic Info: omitting babel extension for `lot'
(tocbasic)             because of feature `nobabel' available
(tocbasic)             for `lot' on input line 119.
Class scrreprt Info: You've used standard option `oneside'.
(scrreprt)           This is correct!
(scrreprt)           Internally I'm using `twoside=false'.
(scrreprt)           If you'd like to set the option with \KOMAoptions,
(scrreprt)           you'd have to use `twoside=false' there
(scrreprt)           instead of `oneside', too.
Package scrreprt Info: You've used obsolete option `11pt'.
(scrreprt)             \KOMAExecuteOptions{fontsize=11pt} will be
(scrreprt)             used instead.
(scrreprt)             You may simply replace `11pt'
(scrreprt)             by `fontsize=11pt'.
Class scrreprt Info: File `scrsize11pt.clo' used to setup font sizes on input l
ine 1365.

(/usr/local/texlive/2012/texmf-dist/tex/latex/koma-script/scrsize11pt.clo
File: scrsize11pt.clo 2012/05/15 v3.11 KOMA-Script font size class option (11pt
)
)
(/usr/local/texlive/2012/texmf-dist/tex/latex/koma-script/typearea.sty
Package: typearea 2012/05/15 v3.11 KOMA-Script package (type area)

Package typearea, 2012/05/15 v3.11 KOMA-Script package (type area)
                  Copyright (C) Frank Neukam, 1992-1994
                  Copyright (C) Markus Kohm, 1994-

\ta@bcor=\skip43
\ta@div=\count85
\ta@hblk=\skip44
\ta@vblk=\skip45
\ta@temp=\skip46
Package typearea Info: These are the values describing the layout:
(typearea)             DIV  = 10
(typearea)             BCOR = 0.0pt
(typearea)             \paperwidth      = 597.50793pt
(typearea)              \textwidth      = 418.25555pt
(typearea)              DIV departure   = -6%
(typearea)              \evensidemargin = 17.3562pt
(typearea)              \oddsidemargin  = 17.3562pt
(typearea)             \paperheight     = 845.04694pt
(typearea)              \textheight     = 595.80026pt
(typearea)              \topmargin      = -25.16531pt
(typearea)              \headheight     = 17.0pt
(typearea)              \headsep        = 20.40001pt
(typearea)              \topskip        = 11.0pt
(typearea)              \footskip       = 47.60002pt
(typearea)              \baselineskip   = 13.6pt
(typearea)              on input line 1211.
)
\c@part=\count86
\c@chapter=\count87
\c@section=\count88
\c@subsection=\count89
\c@subsubsection=\count90
\c@paragraph=\count91
\c@subparagraph=\count92
\abovecaptionskip=\skip47
\belowcaptionskip=\skip48
\c@pti@nb@sid@b@x=\box26
\c@figure=\count93
\c@table=\count94
\bibindent=\dimen121
) (/usr/local/texlive/2012/texmf-dist/tex/latex/geometry/geometry.sty
Package: geometry 2010/09/12 v5.6 Page Geometry

(/usr/local/texlive/2012/texmf-dist/tex/generic/oberdiek/ifpdf.sty
Package: ifpdf 2011/01/30 v2.3 Provides the ifpdf switch (HO)
Package ifpdf Info: pdfTeX in PDF mode is not detected.
)
(/usr/local/texlive/2012/texmf-dist/tex/generic/oberdiek/ifvtex.sty
Package: ifvtex 2010/03/01 v1.5 Detect VTeX and its facilities (HO)
Package ifvtex Info: VTeX not detected.
)
(/usr/local/texlive/2012/texmf-dist/tex/generic/ifxetex/ifxetex.sty
Package: ifxetex 2010/09/12 v0.6 Provides ifxetex conditional
)
\Gm@cnth=\count95
\Gm@cntv=\count96
\c@Gm@tempcnt=\count97
\Gm@bindingoffset=\dimen122
\Gm@wd@mp=\dimen123
\Gm@odd@mp=\dimen124
\Gm@even@mp=\dimen125
\Gm@layoutwidth=\dimen126
\Gm@layoutheight=\dimen127
\Gm@layouthoffset=\dimen128
\Gm@layoutvoffset=\dimen129
\Gm@dimlist=\toks16
)
(/usr/local/texlive/2012/texmf-dist/tex/latex/amsfonts/amssymb.sty
Package: amssymb 2009/06/22 v3.00

(/usr/local/texlive/2012/texmf-dist/tex/latex/amsfonts/amsfonts.sty
Package: amsfonts 2009/06/22 v3.00 Basic AMSFonts support
\@emptytoks=\toks17
\symAMSa=\mathgroup4
\symAMSb=\mathgroup5
LaTeX Font Info:    Overwriting math alphabet `\mathfrak' in version `bold'
(Font)                  U/euf/m/n --> U/euf/b/n on input line 96.
))
(/usr/local/texlive/2012/texmf-dist/tex/latex/amsmath/amsmath.sty
Package: amsmath 2000/07/18 v2.13 AMS math features
\@mathmargin=\skip49

For additional information on amsmath, use the `?' option.
(/usr/local/texlive/2012/texmf-dist/tex/latex/amsmath/amstext.sty
Package: amstext 2000/06/29 v2.01

(/usr/local/texlive/2012/texmf-dist/tex/latex/amsmath/amsgen.sty
File: amsgen.sty 1999/11/30 v2.0
\@emptytoks=\toks18
\ex@=\dimen130
))
(/usr/local/texlive/2012/texmf-dist/tex/latex/amsmath/amsbsy.sty
Package: amsbsy 1999/11/29 v1.2d
\pmbraise@=\dimen131
)
(/usr/local/texlive/2012/texmf-dist/tex/latex/amsmath/amsopn.sty
Package: amsopn 1999/12/14 v2.01 operator names
)
\inf@bad=\count98
LaTeX Info: Redefining \frac on input line 211.
\uproot@=\count99
\leftroot@=\count100
LaTeX Info: Redefining \overline on input line 307.
\classnum@=\count101
\DOTSCASE@=\count102
LaTeX Info: Redefining \ldots on input line 379.
LaTeX Info: Redefining \dots on input line 382.
LaTeX Info: Redefining \cdots on input line 467.
\Mathstrutbox@=\box27
\strutbox@=\box28
\big@size=\dimen132
LaTeX Font Info:    Redeclaring font encoding OML on input line 567.
LaTeX Font Info:    Redeclaring font encoding OMS on input line 568.
\macc@depth=\count103
\c@MaxMatrixCols=\count104
\dotsspace@=\muskip10
\c@parentequation=\count105
\dspbrk@lvl=\count106
\tag@help=\toks19
\row@=\count107
\column@=\count108
\maxfields@=\count109
\andhelp@=\toks20
\eqnshift@=\dimen133
\alignsep@=\dimen134
\tagshift@=\dimen135
\tagwidth@=\dimen136
\totwidth@=\dimen137
\lineht@=\dimen138
\@envbody=\toks21
\multlinegap=\skip50
\multlinetaggap=\skip51
\mathdisplay@stack=\toks22
LaTeX Info: Redefining \[ on input line 2666.
LaTeX Info: Redefining \] on input line 2667.
)
(/usr/local/texlive/2012/texmf-dist/tex/generic/babel/babel.sty
Package: babel 2008/07/08 v3.8m The Babel package

(/usr/local/texlive/2012/texmf-dist/tex/generic/babel/english.ldf
Language: english 2005/03/30 v3.3o English support from the babel system

(/usr/local/texlive/2012/texmf-dist/tex/generic/babel/babel.def
File: babel.def 2008/07/08 v3.8m Babel common definitions
\babel@savecnt=\count110
\U@D=\dimen139
)
\l@canadian = a dialect from \language\l@american 
\l@australian = a dialect from \language\l@british 
\l@newzealand = a dialect from \language\l@british 
)
(/usr/local/texlive/2012/texmf-dist/tex/generic/babel/frenchb.ldf
Language: frenchb 2010/08/21 v2.5a French support from the babel system
Package frenchb.ldf Info: No need for active punctuation characters 
(frenchb.ldf)             with this version of XeTeX! reported on input line 14
0.
\FB@interchartokenstateORI=\count111
\FB@punctthick=\XeTeXintercharclass4
\FB@punctthin=\XeTeXintercharclass5
\FB@punctnul=\XeTeXintercharclass6
\FB@punctguilo=\XeTeXintercharclass7
\FB@punctguilf=\XeTeXintercharclass8
\FB@Mht=\dimen140
\std@mcc=\count112
\dec@mcc=\count113
\parindentFFN=\dimen141

*************************************
* Local config file frenchb.cfg used
*
(/usr/local/texlive/2012/texmf-dist/tex/generic/babel/frenchb.cfg)))
(/usr/local/texlive/2012/texmf-dist/tex/latex/carlisle/scalefnt.sty)
(/usr/local/texlive/2012/texmf-dist/tex/latex/titlesec/titlesec.sty
Package: titlesec 2011/12/15 v2.10.0 Sectioning titles
\ttl@box=\box29
\beforetitleunit=\skip52
\aftertitleunit=\skip53
\ttl@plus=\dimen142
\ttl@minus=\dimen143
\ttl@toksa=\toks23
\titlewidth=\dimen144
\titlewidthlast=\dimen145
\titlewidthfirst=\dimen146
)
(/usr/local/texlive/2012/texmf-dist/tex/latex/fancyhdr/fancyhdr.sty
\fancy@headwidth=\skip54
\f@ncyO@elh=\skip55
\f@ncyO@erh=\skip56
\f@ncyO@olh=\skip57
\f@ncyO@orh=\skip58
\f@ncyO@elf=\skip59
\f@ncyO@erf=\skip60
\f@ncyO@olf=\skip61
\f@ncyO@orf=\skip62
)
(/usr/local/texlive/2012/texmf-dist/tex/latex/setspace/setspace.sty
Package: setspace 2011/12/19 v6.7a set line spacing
)
(/usr/local/texlive/2012/texmf-dist/tex/latex/titlesec/titletoc.sty
Package: titletoc 2011/12/15 v1.6 TOC entries
\ttl@leftsep=\dimen147
)
(/usr/local/texlive/2012/texmf-dist/tex/latex/emptypage/emptypage.sty
Package: emptypage 2010/05/30 v1.2 Suppress page numbers and headings on empty 
pages
)
(/usr/local/texlive/2012/texmf-dist/tex/latex/pgf/frontendlayer/tikz.sty
(/usr/local/texlive/2012/texmf-dist/tex/latex/pgf/basiclayer/pgf.sty
(/usr/local/texlive/2012/texmf-dist/tex/latex/pgf/utilities/pgfrcs.sty
(/usr/local/texlive/2012/texmf-dist/tex/generic/pgf/utilities/pgfutil-common.te
x
\pgfutil@everybye=\toks24
)
(/usr/local/texlive/2012/texmf-dist/tex/generic/pgf/utilities/pgfutil-latex.def
\pgfutil@abb=\box30
(/usr/local/texlive/2012/texmf-dist/tex/latex/ms/everyshi.sty
Package: everyshi 2001/05/15 v3.00 EveryShipout Package (MS)
))
(/usr/local/texlive/2012/texmf-dist/tex/generic/pgf/utilities/pgfrcs.code.tex
Package: pgfrcs 2010/10/25 v2.10 (rcs-revision 1.24)
))
Package: pgf 2008/01/15 v2.10 (rcs-revision 1.12)
(/usr/local/texlive/2012/texmf-dist/tex/latex/pgf/basiclayer/pgfcore.sty
(/usr/local/texlive/2012/texmf-dist/tex/latex/graphics/graphicx.sty
Package: graphicx 1999/02/16 v1.0f Enhanced LaTeX Graphics (DPC,SPQR)

(/usr/local/texlive/2012/texmf-dist/tex/latex/graphics/graphics.sty
Package: graphics 2009/02/05 v1.0o Standard LaTeX Graphics (DPC,SPQR)

(/usr/local/texlive/2012/texmf-dist/tex/latex/graphics/trig.sty
Package: trig 1999/03/16 v1.09 sin cos tan (DPC)
)
(/usr/local/texlive/2012/texmf-dist/tex/latex/latexconfig/graphics.cfg
File: graphics.cfg 2010/04/23 v1.9 graphics configuration of TeX Live
)
Package graphics Info: Driver file: xetex.def on input line 91.

(/usr/local/texlive/2012/texmf-dist/tex/xelatex/xetex-def/xetex.def
File: xetex.def 2009/11/22 v0.94 LaTeX color/graphics driver for XeTeX (RRM/JK)

))
\Gin@req@height=\dimen148
\Gin@req@width=\dimen149
)
(/usr/local/texlive/2012/texmf-dist/tex/latex/pgf/systemlayer/pgfsys.sty
(/usr/local/texlive/2012/texmf-dist/tex/generic/pgf/systemlayer/pgfsys.code.tex
Package: pgfsys 2010/06/30 v2.10 (rcs-revision 1.37)
(/usr/local/texlive/2012/texmf-dist/tex/generic/pgf/utilities/pgfkeys.code.tex
\pgfkeys@pathtoks=\toks25
\pgfkeys@temptoks=\toks26

(/usr/local/texlive/2012/texmf-dist/tex/generic/pgf/utilities/pgfkeysfiltered.c
ode.tex
\pgfkeys@tmptoks=\toks27
))
\pgf@x=\dimen150
\pgf@y=\dimen151
\pgf@xa=\dimen152
\pgf@ya=\dimen153
\pgf@xb=\dimen154
\pgf@yb=\dimen155
\pgf@xc=\dimen156
\pgf@yc=\dimen157
\w@pgf@writea=\write3
\r@pgf@reada=\read1
\c@pgf@counta=\count114
\c@pgf@countb=\count115
\c@pgf@countc=\count116
\c@pgf@countd=\count117

(/usr/local/texlive/2012/texmf-dist/tex/generic/pgf/systemlayer/pgf.cfg
File: pgf.cfg 2008/05/14  (rcs-revision 1.7)
)
Package pgfsys Info: Driver file for pgf: pgfsys-xetex.def on input line 900.

(/usr/local/texlive/2012/texmf-dist/tex/generic/pgf/systemlayer/pgfsys-xetex.de
f
File: pgfsys-xetex.def 2010/02/16  (rcs-revision 1.3)

(/usr/local/texlive/2012/texmf-dist/tex/generic/pgf/systemlayer/pgfsys-common-p
df.def
File: pgfsys-common-pdf.def 2008/05/19  (rcs-revision 1.10)
)
(/usr/local/texlive/2012/texmf-dist/tex/generic/pgf/systemlayer/pgfsys-common-p
df-via-dvi.def
File: pgfsys-common-pdf-via-dvi.def 2008/05/19  (rcs-revision 1.7)
)))
(/usr/local/texlive/2012/texmf-dist/tex/generic/pgf/systemlayer/pgfsyssoftpath.
code.tex
File: pgfsyssoftpath.code.tex 2008/07/18  (rcs-revision 1.7)
\pgfsyssoftpath@smallbuffer@items=\count118
\pgfsyssoftpath@bigbuffer@items=\count119
)
(/usr/local/texlive/2012/texmf-dist/tex/generic/pgf/systemlayer/pgfsysprotocol.
code.tex
File: pgfsysprotocol.code.tex 2006/10/16  (rcs-revision 1.4)
)) (/usr/local/texlive/2012/texmf-dist/tex/latex/xcolor/xcolor.sty
Package: xcolor 2007/01/21 v2.11 LaTeX color extensions (UK)

(/usr/local/texlive/2012/texmf-dist/tex/latex/latexconfig/color.cfg
File: color.cfg 2007/01/18 v1.5 color configuration of teTeX/TeXLive
)
Package xcolor Info: Driver file: xetex.def on input line 225.
Package xcolor Info: Model `cmy' substituted by `cmy0' on input line 1337.
Package xcolor Info: Model `RGB' extended on input line 1353.
Package xcolor Info: Model `HTML' substituted by `rgb' on input line 1355.
Package xcolor Info: Model `Hsb' substituted by `hsb' on input line 1356.
Package xcolor Info: Model `tHsb' substituted by `hsb' on input line 1357.
Package xcolor Info: Model `HSB' substituted by `hsb' on input line 1358.
Package xcolor Info: Model `Gray' substituted by `gray' on input line 1359.
Package xcolor Info: Model `wave' substituted by `hsb' on input line 1360.
)
(/usr/local/texlive/2012/texmf-dist/tex/generic/pgf/basiclayer/pgfcore.code.tex
Package: pgfcore 2010/04/11 v2.10 (rcs-revision 1.7)
(/usr/local/texlive/2012/texmf-dist/tex/generic/pgf/math/pgfmath.code.tex
(/usr/local/texlive/2012/texmf-dist/tex/generic/pgf/math/pgfmathcalc.code.tex
(/usr/local/texlive/2012/texmf-dist/tex/generic/pgf/math/pgfmathutil.code.tex)
(/usr/local/texlive/2012/texmf-dist/tex/generic/pgf/math/pgfmathparser.code.tex
\pgfmath@dimen=\dimen158
\pgfmath@count=\count120
\pgfmath@box=\box31
\pgfmath@toks=\toks28
\pgfmath@stack@operand=\toks29
\pgfmath@stack@operation=\toks30
)
(/usr/local/texlive/2012/texmf-dist/tex/generic/pgf/math/pgfmathfunctions.code.
tex
(/usr/local/texlive/2012/texmf-dist/tex/generic/pgf/math/pgfmathfunctions.basic
.code.tex)
(/usr/local/texlive/2012/texmf-dist/tex/generic/pgf/math/pgfmathfunctions.trigo
nometric.code.tex)
(/usr/local/texlive/2012/texmf-dist/tex/generic/pgf/math/pgfmathfunctions.rando
m.code.tex)
(/usr/local/texlive/2012/texmf-dist/tex/generic/pgf/math/pgfmathfunctions.compa
rison.code.tex)
(/usr/local/texlive/2012/texmf-dist/tex/generic/pgf/math/pgfmathfunctions.base.
code.tex)
(/usr/local/texlive/2012/texmf-dist/tex/generic/pgf/math/pgfmathfunctions.round
.code.tex)
(/usr/local/texlive/2012/texmf-dist/tex/generic/pgf/math/pgfmathfunctions.misc.
code.tex)))
(/usr/local/texlive/2012/texmf-dist/tex/generic/pgf/math/pgfmathfloat.code.tex
\c@pgfmathroundto@lastzeros=\count121
))
(/usr/local/texlive/2012/texmf-dist/tex/generic/pgf/basiclayer/pgfcorepoints.co
de.tex
File: pgfcorepoints.code.tex 2010/04/09  (rcs-revision 1.20)
\pgf@picminx=\dimen159
\pgf@picmaxx=\dimen160
\pgf@picminy=\dimen161
\pgf@picmaxy=\dimen162
\pgf@pathminx=\dimen163
\pgf@pathmaxx=\dimen164
\pgf@pathminy=\dimen165
\pgf@pathmaxy=\dimen166
\pgf@xx=\dimen167
\pgf@xy=\dimen168
\pgf@yx=\dimen169
\pgf@yy=\dimen170
\pgf@zx=\dimen171
\pgf@zy=\dimen172
)
(/usr/local/texlive/2012/texmf-dist/tex/generic/pgf/basiclayer/pgfcorepathconst
ruct.code.tex
File: pgfcorepathconstruct.code.tex 2010/08/03  (rcs-revision 1.24)
\pgf@path@lastx=\dimen173
\pgf@path@lasty=\dimen174
)
(/usr/local/texlive/2012/texmf-dist/tex/generic/pgf/basiclayer/pgfcorepathusage
.code.tex
File: pgfcorepathusage.code.tex 2008/04/22  (rcs-revision 1.12)
\pgf@shorten@end@additional=\dimen175
\pgf@shorten@start@additional=\dimen176
)
(/usr/local/texlive/2012/texmf-dist/tex/generic/pgf/basiclayer/pgfcorescopes.co
de.tex
File: pgfcorescopes.code.tex 2010/09/08  (rcs-revision 1.34)
\pgfpic=\box32
\pgf@hbox=\box33
\pgf@layerbox@main=\box34
\pgf@picture@serial@count=\count122
)
(/usr/local/texlive/2012/texmf-dist/tex/generic/pgf/basiclayer/pgfcoregraphicst
ate.code.tex
File: pgfcoregraphicstate.code.tex 2008/04/22  (rcs-revision 1.9)
\pgflinewidth=\dimen177
)
(/usr/local/texlive/2012/texmf-dist/tex/generic/pgf/basiclayer/pgfcoretransform
ations.code.tex
File: pgfcoretransformations.code.tex 2009/06/10  (rcs-revision 1.11)
\pgf@pt@x=\dimen178
\pgf@pt@y=\dimen179
\pgf@pt@temp=\dimen180
)
(/usr/local/texlive/2012/texmf-dist/tex/generic/pgf/basiclayer/pgfcorequick.cod
e.tex
File: pgfcorequick.code.tex 2008/10/09  (rcs-revision 1.3)
)
(/usr/local/texlive/2012/texmf-dist/tex/generic/pgf/basiclayer/pgfcoreobjects.c
ode.tex
File: pgfcoreobjects.code.tex 2006/10/11  (rcs-revision 1.2)
)
(/usr/local/texlive/2012/texmf-dist/tex/generic/pgf/basiclayer/pgfcorepathproce
ssing.code.tex
File: pgfcorepathprocessing.code.tex 2008/10/09  (rcs-revision 1.8)
)
(/usr/local/texlive/2012/texmf-dist/tex/generic/pgf/basiclayer/pgfcorearrows.co
de.tex
File: pgfcorearrows.code.tex 2008/04/23  (rcs-revision 1.11)
)
(/usr/local/texlive/2012/texmf-dist/tex/generic/pgf/basiclayer/pgfcoreshade.cod
e.tex
File: pgfcoreshade.code.tex 2008/11/23  (rcs-revision 1.13)
\pgf@max=\dimen181
\pgf@sys@shading@range@num=\count123
)
(/usr/local/texlive/2012/texmf-dist/tex/generic/pgf/basiclayer/pgfcoreimage.cod
e.tex
File: pgfcoreimage.code.tex 2010/03/25  (rcs-revision 1.16)

(/usr/local/texlive/2012/texmf-dist/tex/generic/pgf/basiclayer/pgfcoreexternal.
code.tex
File: pgfcoreexternal.code.tex 2010/09/01  (rcs-revision 1.17)
\pgfexternal@startupbox=\box35
))
(/usr/local/texlive/2012/texmf-dist/tex/generic/pgf/basiclayer/pgfcorelayers.co
de.tex
File: pgfcorelayers.code.tex 2010/08/27  (rcs-revision 1.2)
)
(/usr/local/texlive/2012/texmf-dist/tex/generic/pgf/basiclayer/pgfcoretranspare
ncy.code.tex
File: pgfcoretransparency.code.tex 2008/01/17  (rcs-revision 1.2)
)
(/usr/local/texlive/2012/texmf-dist/tex/generic/pgf/basiclayer/pgfcorepatterns.
code.tex
File: pgfcorepatterns.code.tex 2009/07/02  (rcs-revision 1.3)
)))
(/usr/local/texlive/2012/texmf-dist/tex/generic/pgf/modules/pgfmoduleshapes.cod
e.tex
File: pgfmoduleshapes.code.tex 2010/09/09  (rcs-revision 1.13)
\pgfnodeparttextbox=\box36
)
(/usr/local/texlive/2012/texmf-dist/tex/generic/pgf/modules/pgfmoduleplot.code.
tex
File: pgfmoduleplot.code.tex 2010/10/22  (rcs-revision 1.8)
)
(/usr/local/texlive/2012/texmf-dist/tex/latex/pgf/compatibility/pgfcomp-version
-0-65.sty
Package: pgfcomp-version-0-65 2007/07/03 v2.10 (rcs-revision 1.7)
\pgf@nodesepstart=\dimen182
\pgf@nodesepend=\dimen183
)
(/usr/local/texlive/2012/texmf-dist/tex/latex/pgf/compatibility/pgfcomp-version
-1-18.sty
Package: pgfcomp-version-1-18 2007/07/23 v2.10 (rcs-revision 1.1)
))
(/usr/local/texlive/2012/texmf-dist/tex/latex/pgf/utilities/pgffor.sty
(/usr/local/texlive/2012/texmf-dist/tex/latex/pgf/utilities/pgfkeys.sty
(/usr/local/texlive/2012/texmf-dist/tex/generic/pgf/utilities/pgfkeys.code.tex)
) (/usr/local/texlive/2012/texmf-dist/tex/generic/pgf/utilities/pgffor.code.tex
Package: pgffor 2010/03/23 v2.10 (rcs-revision 1.18)
\pgffor@iter=\dimen184
\pgffor@skip=\dimen185
\pgffor@stack=\toks31
\pgffor@toks=\toks32
))
(/usr/local/texlive/2012/texmf-dist/tex/generic/pgf/frontendlayer/tikz/tikz.cod
e.tex
Package: tikz 2010/10/13 v2.10 (rcs-revision 1.76)

(/usr/local/texlive/2012/texmf-dist/tex/generic/pgf/libraries/pgflibraryplothan
dlers.code.tex
File: pgflibraryplothandlers.code.tex 2010/05/31 v2.10 (rcs-revision 1.15)
\pgf@plot@mark@count=\count124
\pgfplotmarksize=\dimen186
)
\tikz@lastx=\dimen187
\tikz@lasty=\dimen188
\tikz@lastxsaved=\dimen189
\tikz@lastysaved=\dimen190
\tikzleveldistance=\dimen191
\tikzsiblingdistance=\dimen192
\tikz@figbox=\box37
\tikz@tempbox=\box38
\tikztreelevel=\count125
\tikznumberofchildren=\count126
\tikznumberofcurrentchild=\count127
\tikz@fig@count=\count128

(/usr/local/texlive/2012/texmf-dist/tex/generic/pgf/modules/pgfmodulematrix.cod
e.tex
File: pgfmodulematrix.code.tex 2010/08/24  (rcs-revision 1.4)
\pgfmatrixcurrentrow=\count129
\pgfmatrixcurrentcolumn=\count130
\pgf@matrix@numberofcolumns=\count131
)
\tikz@expandcount=\count132

(/usr/local/texlive/2012/texmf-dist/tex/generic/pgf/frontendlayer/tikz/librarie
s/tikzlibrarytopaths.code.tex
File: tikzlibrarytopaths.code.tex 2008/06/17 v2.10 (rcs-revision 1.2)
)))
(/usr/local/texlive/2012/texmf-dist/tex/latex/float/float.sty
Package: float 2001/11/08 v1.3d Float enhancements (AL)
\c@float@type=\count133
\float@exts=\toks33
\float@box=\box39
\@float@everytoks=\toks34
\@floatcapt=\box40
)
(/usr/local/texlive/2012/texmf-dist/tex/latex/caption/caption.sty
Package: caption 2012/02/19 v3.2f Customizing captions (AR)

(/usr/local/texlive/2012/texmf-dist/tex/latex/caption/caption3.sty
Package: caption3 2012/01/12 v1.4b caption3 kernel (AR)
\captionmargin=\dimen193
\captionmargin@=\dimen194
\captionwidth=\dimen195
\caption@indent=\dimen196
\caption@parindent=\dimen197
\caption@hangindent=\dimen198
Package caption Info: The definition of \@makecaption has been changed,
(caption)             frenchb will NOT customize it.
)
Package caption Info: KOMA-Script document class.
\c@ContinuedFloat=\count134
Package caption Info: float package is loaded.
)
(/usr/local/texlive/2012/texmf-dist/tex/generic/pgf/frontendlayer/tikz/librarie
s/tikzlibraryshapes.code.tex
File: tikzlibraryshapes.code.tex 2008/01/09 v2.10 (rcs-revision 1.1)

(/usr/local/texlive/2012/texmf-dist/tex/generic/pgf/frontendlayer/tikz/librarie
s/tikzlibraryshapes.geometric.code.tex
File: tikzlibraryshapes.geometric.code.tex 2008/01/09 v2.10 (rcs-revision 1.1)

(/usr/local/texlive/2012/texmf-dist/tex/generic/pgf/libraries/shapes/pgflibrary
shapes.geometric.code.tex
File: pgflibraryshapes.geometric.code.tex 2008/06/26 v2.10 (rcs-revision 1.1)
))
(/usr/local/texlive/2012/texmf-dist/tex/generic/pgf/frontendlayer/tikz/librarie
s/tikzlibraryshapes.misc.code.tex
File: tikzlibraryshapes.misc.code.tex 2008/01/09 v2.10 (rcs-revision 1.1)

(/usr/local/texlive/2012/texmf-dist/tex/generic/pgf/libraries/shapes/pgflibrary
shapes.misc.code.tex
File: pgflibraryshapes.misc.code.tex 2008/10/07 v2.10 (rcs-revision 1.3)
))
(/usr/local/texlive/2012/texmf-dist/tex/generic/pgf/frontendlayer/tikz/librarie
s/tikzlibraryshapes.symbols.code.tex
File: tikzlibraryshapes.symbols.code.tex 2008/01/09 v2.10 (rcs-revision 1.1)

(/usr/local/texlive/2012/texmf-dist/tex/generic/pgf/libraries/shapes/pgflibrary
shapes.symbols.code.tex
File: pgflibraryshapes.symbols.code.tex 2009/10/27 v2.10 (rcs-revision 1.3)
))
(/usr/local/texlive/2012/texmf-dist/tex/generic/pgf/frontendlayer/tikz/librarie
s/tikzlibraryshapes.arrows.code.tex
File: tikzlibraryshapes.arrows.code.tex 2008/01/09 v2.10 (rcs-revision 1.1)

(/usr/local/texlive/2012/texmf-dist/tex/generic/pgf/libraries/shapes/pgflibrary
shapes.arrows.code.tex
File: pgflibraryshapes.arrows.code.tex 2008/06/26 v2.10 (rcs-revision 1.1)
))
(/usr/local/texlive/2012/texmf-dist/tex/generic/pgf/frontendlayer/tikz/librarie
s/tikzlibraryshapes.callouts.code.tex
(/usr/local/texlive/2012/texmf-dist/tex/generic/pgf/libraries/shapes/pgflibrary
shapes.callouts.code.tex))
(/usr/local/texlive/2012/texmf-dist/tex/generic/pgf/frontendlayer/tikz/librarie
s/tikzlibraryshapes.multipart.code.tex
File: tikzlibraryshapes.multipart.code.tex 2008/01/09 v2.10 (rcs-revision 1.1)

(/usr/local/texlive/2012/texmf-dist/tex/generic/pgf/libraries/shapes/pgflibrary
shapes.multipart.code.tex
File: pgflibraryshapes.multipart.code.tex 2010/01/07 v2.10 (rcs-revision 1.2)
\pgfnodepartlowerbox=\box41
\pgfnodeparttwobox=\box42
\pgfnodepartthreebox=\box43
\pgfnodepartfourbox=\box44
\pgfnodeparttwentybox=\box45
\pgfnodepartnineteenbox=\box46
\pgfnodeparteighteenbox=\box47
\pgfnodepartseventeenbox=\box48
\pgfnodepartsixteenbox=\box49
\pgfnodepartfifteenbox=\box50
\pgfnodepartfourteenbox=\box51
\pgfnodepartthirteenbox=\box52
\pgfnodeparttwelvebox=\box53
\pgfnodepartelevenbox=\box54
\pgfnodeparttenbox=\box55
\pgfnodepartninebox=\box56
\pgfnodeparteightbox=\box57
\pgfnodepartsevenbox=\box58
\pgfnodepartsixbox=\box59
\pgfnodepartfivebox=\box60
)))
(/usr/local/texlive/2012/texmf-dist/tex/generic/pgf/frontendlayer/tikz/librarie
s/tikzlibraryarrows.code.tex
File: tikzlibraryarrows.code.tex 2008/01/09 v2.10 (rcs-revision 1.1)

(/usr/local/texlive/2012/texmf-dist/tex/generic/pgf/libraries/pgflibraryarrows.
code.tex
File: pgflibraryarrows.code.tex 2008/10/27 v2.10 (rcs-revision 1.9)
\arrowsize=\dimen199
)) (/usr/local/texlive/2012/texmf-dist/tex/latex/fontspec/fontspec.sty
Package: fontspec 2012/05/06 v2.2b Advanced font selection for XeLaTeX/LuaLaTeX


(/usr/local/texlive/2012/texmf-dist/tex/latex/l3kernel/expl3.sty
(/usr/local/texlive/2012/texmf-dist/tex/latex/l3kernel/l3names.sty
(/usr/local/texlive/2012/texmf-dist/tex/latex/l3kernel/l3bootstrap.sty
Package: l3bootstrap 2011/12/29 v3110 L3 Experimental bootstrap code
)
Package: l3names 2012/03/04 v3494 L3 Experimental namespace for primitives
)
(/usr/local/texlive/2012/texmf-dist/tex/latex/etex-pkg/etex.sty
Package: etex 1998/03/26 v2.0 eTeX basic definition package (PEB)
\et@xins=\count135
)
Package: expl3 2012/04/23 v3570 L3 Experimental code bundle wrapper

(/usr/local/texlive/2012/texmf-dist/tex/latex/l3kernel/l3basics.sty
Package: l3basics 2012/03/04 v3491 L3 Experimental basic definitions
)
(/usr/local/texlive/2012/texmf-dist/tex/latex/l3kernel/l3expan.sty
Package: l3expan 2012/02/26 v3460 L3 Experimental argument expansion
)
(/usr/local/texlive/2012/texmf-dist/tex/latex/l3kernel/l3tl.sty
Package: l3tl 2012/03/04 v3490 L3 Experimental token lists
)
(/usr/local/texlive/2012/texmf-dist/tex/latex/l3kernel/l3seq.sty
Package: l3seq 2012/03/04 v3490 L3 Experimental sequences and stacks
)
(/usr/local/texlive/2012/texmf-dist/tex/latex/l3kernel/l3int.sty
Package: l3int 2012/03/04 v3490 L3 Experimental integers
\c_max_int=\count136
\l_tmpa_int=\count137
\l_tmpb_int=\count138
\l_tmpc_int=\count139
\g_tmpa_int=\count140
\g_tmpb_int=\count141
)
(/usr/local/texlive/2012/texmf-dist/tex/latex/l3kernel/l3quark.sty
Package: l3quark 2012/02/12 v3384 L3 Experimental quarks
)
(/usr/local/texlive/2012/texmf-dist/tex/latex/l3kernel/l3prg.sty
Package: l3prg 2012/03/04 v3490 L3 Experimental control structures
\g_prg_map_int=\count142
)
(/usr/local/texlive/2012/texmf-dist/tex/latex/l3kernel/l3clist.sty
Package: l3clist 2012/03/04 v3490 L3 Experimental comma separated lists
)
(/usr/local/texlive/2012/texmf-dist/tex/latex/l3kernel/l3token.sty
Package: l3token 2012/03/04 v3491 L3 Experimental token manipulation
)
(/usr/local/texlive/2012/texmf-dist/tex/latex/l3kernel/l3prop.sty
Package: l3prop 2012/03/04 v3490 L3 Experimental property lists
)
(/usr/local/texlive/2012/texmf-dist/tex/latex/l3kernel/l3msg.sty
Package: l3msg 2012/04/23 v3568 L3 Experimental messages
)
(/usr/local/texlive/2012/texmf-dist/tex/latex/l3kernel/l3file.sty
Package: l3file 2012/03/09 v3520 L3 Experimental file and I/O operations
\l_iow_stream_int=\count143
\l_iow_line_length_int=\count144
\l_iow_target_length_int=\count145
\l_iow_current_line_int=\count146
\l_iow_current_word_int=\count147
\l_iow_current_indentation_int=\count148
)
(/usr/local/texlive/2012/texmf-dist/tex/latex/l3kernel/l3skip.sty
Package: l3skip 2012/03/05 v3499 L3 Experimental dimensions and skips
\l_tmpa_dim=\dimen200
\l_tmpb_dim=\dimen201
Normal \dimen register pool exhausted, switching to extended pool.
\l_tmpc_dim=\dimen256
\g_tmpa_dim=\dimen257
\g_tmpb_dim=\dimen258
\l_tmpa_skip=\skip63
\l_tmpb_skip=\skip64
\l_tmpc_skip=\skip65
\g_tmpa_skip=\skip66
\g_tmpb_skip=\skip67
)
(/usr/local/texlive/2012/texmf-dist/tex/latex/l3kernel/l3keys.sty
Package: l3keys 2012/03/03 v3487 L3 Experimental key-value interfaces
\g_keyval_level_int=\count149
\l_keys_choice_int=\count150
)
(/usr/local/texlive/2012/texmf-dist/tex/latex/l3kernel/l3fp.sty
Package: l3fp 2012/03/04 v3490 L3 Experimental floating-point operations
\c_one_hundred_million=\count151
\c_five_hundred_million=\count152
\c_one_thousand_million=\count153
\c_fp_pi_by_four_decimal_int=\count154
\c_fp_pi_by_four_extended_int=\count155
\c_fp_pi_decimal_int=\count156
\c_fp_pi_extended_int=\count157
\c_fp_two_pi_decimal_int=\count158
\c_fp_two_pi_extended_int=\count159
\l_fp_count_int=\count160
\l_fp_div_offset_int=\count161
\l_fp_exp_integer_int=\count162
\l_fp_exp_decimal_int=\count163
\l_fp_exp_extended_int=\count164
\l_fp_exp_exponent_int=\count165
\l_fp_input_a_sign_int=\count166
\l_fp_input_a_integer_int=\count167
\l_fp_input_a_decimal_int=\count168
\l_fp_input_a_exponent_int=\count169
\l_fp_input_b_sign_int=\count170
\l_fp_input_b_integer_int=\count171
\l_fp_input_b_decimal_int=\count172
\l_fp_input_b_exponent_int=\count173
\l_fp_input_a_extended_int=\count174
\l_fp_input_b_extended_int=\count175
\l_fp_mul_a_i_int=\count176
\l_fp_mul_a_ii_int=\count177
\l_fp_mul_a_iii_int=\count178
\l_fp_mul_a_iv_int=\count179
\l_fp_mul_a_v_int=\count180
\l_fp_mul_a_vi_int=\count181
\l_fp_mul_b_i_int=\count182
\l_fp_mul_b_ii_int=\count183
\l_fp_mul_b_iii_int=\count184
\l_fp_mul_b_iv_int=\count185
\l_fp_mul_b_v_int=\count186
\l_fp_mul_b_vi_int=\count187
\l_fp_mul_output_int=\count188
\l_fp_output_sign_int=\count189
\l_fp_output_integer_int=\count190
\l_fp_output_decimal_int=\count191
\l_fp_output_exponent_int=\count192
\l_fp_output_extended_int=\count193
\l_fp_round_position_int=\count194
\l_fp_round_target_int=\count195
\l_fp_split_sign_int=\count196
\l_fp_internal_int=\count197
\l_fp_trig_octant_int=\count198
\l_fp_trig_sign_int=\count199
\l_fp_trig_decimal_int=\count200
\l_fp_trig_extended_int=\count201
\l_fp_internal_dim=\dimen259
\l_fp_internal_skip=\skip68
)
(/usr/local/texlive/2012/texmf-dist/tex/latex/l3kernel/l3box.sty
Package: l3box 2012/03/04 v3490 L3 Experimental boxes
\l_tmpb_box=\box61
\l_box_top_dim=\dimen260
\l_box_bottom_dim=\dimen261
\l_box_left_dim=\dimen262
\l_box_right_dim=\dimen263
\l_box_top_new_dim=\dimen264
\l_box_bottom_new_dim=\dimen265
\l_box_left_new_dim=\dimen266
\l_box_right_new_dim=\dimen267
\l_box_internal_box=\box62
)
(/usr/local/texlive/2012/texmf-dist/tex/latex/l3kernel/l3coffins.sty
Package: l3coffins 2012/03/03 v3482 L3 Experimental coffin code layer
\l_coffin_internal_box=\box63
\l_coffin_internal_dim=\dimen268
\l_coffin_offset_x_dim=\dimen269
\l_coffin_offset_y_dim=\dimen270
\l_coffin_x_dim=\dimen271
\l_coffin_y_dim=\dimen272
\l_coffin_x_prime_dim=\dimen273
\l_coffin_y_prime_dim=\dimen274
\l_coffin_Depth_dim=\dimen275
\l_coffin_Height_dim=\dimen276
\l_coffin_TotalHeight_dim=\dimen277
\l_coffin_Width_dim=\dimen278
\c_empty_coffin=\box64
\l_coffin_aligned_coffin=\box65
\l_coffin_aligned_internal_coffin=\box66
\l_coffin_bounding_shift_dim=\dimen279
\l_coffin_left_corner_dim=\dimen280
\l_coffin_right_corner_dim=\dimen281
\l_coffin_bottom_corner_dim=\dimen282
\l_coffin_top_corner_dim=\dimen283
\l_coffin_scaled_total_height_dim=\dimen284
\l_coffin_scaled_width_dim=\dimen285
\l_coffin_display_coffin=\box67
\l_coffin_display_coord_coffin=\box68
\l_coffin_display_pole_coffin=\box69
\l_coffin_display_offset_dim=\dimen286
\l_coffin_display_x_dim=\dimen287
\l_coffin_display_y_dim=\dimen288
)
(/usr/local/texlive/2012/texmf-dist/tex/latex/l3kernel/l3color.sty
Package: l3color 2011/09/07 v2776 L3 Experimental colour support
)
(/usr/local/texlive/2012/texmf-dist/tex/latex/l3kernel/l3luatex.sty
Package: l3luatex 2012/02/09 v3355 L3 Experimental LuaTeX-specific functions
Normal \count register pool exhausted, switching to extended pool.
\g_cctab_allocate_int=\count277
\g_cctab_stack_int=\count278
))
(/usr/local/texlive/2012/texmf-dist/tex/latex/l3packages/xparse/xparse.sty
Package: xparse 2012/04/23 v3570 L3 Experimental document command parser
\l_xparse_current_arg_int=\count279
\l_xparse_m_args_int=\count280
\l_xparse_mandatory_args_int=\count281
\l_xparse_processor_int=\count282
\l_xparse_v_nesting_int=\count283
)
\l_fontspec_script_int=\count284
\l_fontspec_language_int=\count285
\l_fontspec_strnum_int=\count286
\l_fontspec_tmpa_dim=\dimen289
\l_fontspec_tmpb_dim=\dimen290
\l_fontspec_tmpc_dim=\dimen291
Variant \tl_gset:cV already defined; not changing it on line 66

(/usr/local/texlive/2012/texmf-dist/tex/latex/fontspec/fontspec-patches.sty
Package: fontspec-patches 2012/05/06 v2.2b Advanced font selection for XeLaTeX/
LuaLaTeX

(/usr/local/texlive/2012/texmf-dist/tex/latex/base/fixltx2e.sty
Package: fixltx2e 2006/09/13 v1.1m fixes to LaTeX
LaTeX Info: Redefining \em on input line 420.
LaTeX Info: Redefining \textsubscript on input line 424.
LaTeX Info: The control sequence `\[' is already robust on input line 471.
LaTeX Info: The control sequence `\]' is already robust on input line 472.
)
LaTeX Info: Redefining \em on input line 22.
LaTeX Info: Redefining \emph on input line 29.
LaTeX Info: Redefining \- on input line 32.

*************************************************
* LaTeX warning: "xparse/redefine-command"
* 
* Redefining document command \oldstylenums with arg. spec. 'm' on line 107.
*************************************************
.................................................
. LaTeX info: "xparse/define-command"
. 
. Defining document command \liningnums with arg. spec. 'm' on line 111.
.................................................
) (/usr/local/texlive/2012/texmf-dist/tex/latex/fontspec/fontspec-xetex.sty
Package: fontspec-xetex 2012/05/06 v2.2b Advanced font selection for XeLaTeX/Lu
aLaTeX

(/usr/local/texlive/2012/texmf-dist/tex/latex/base/fontenc.sty
Package: fontenc 2005/09/27 v1.99g Standard LaTeX package

(/usr/local/texlive/2012/texmf-dist/tex/latex/euenc/eu1enc.def
File: eu1enc.def 2010/05/27 v0.1h Experimental Unicode font encodings
)
LaTeX Font Info:    Try loading font information for EU1+lmr on input line 100.


(/usr/local/texlive/2012/texmf-dist/tex/latex/euenc/eu1lmr.fd
File: eu1lmr.fd 2009/10/30 v1.6 Font defs for Latin Modern
))
(/usr/local/texlive/2012/texmf-dist/tex/xelatex/xunicode/xunicode.sty
File: xunicode.sty 2011/09/09 v0.981 provides access to latin accents and many 
other characters in Unicode lower plane

(/usr/local/texlive/2012/texmf-dist/tex/latex/tipa/t3enc.def
File: t3enc.def 2001/12/31 T3 encoding
LaTeX Font Info:    Try loading font information for EU1+lmss on input line 357
.

(/usr/local/texlive/2012/texmf-dist/tex/latex/euenc/eu1lmss.fd
File: eu1lmss.fd 2009/10/30 v1.6 Font defs for Latin Modern
))
\tipaTiiicode=\count287
\tipasavetokens=\toks35
\tipachecktokens=\toks36
)
.................................................
. LaTeX info: "xparse/define-command"
. 
. Defining document command \fontspec with arg. spec. 'O{}m' on line 39.
.................................................
.................................................
. LaTeX info: "xparse/define-command"
. 
. Defining document command \setmainfont with arg. spec. 'O{}m' on line 43.
.................................................
.................................................
. LaTeX info: "xparse/define-command"
. 
. Defining document command \setsansfont with arg. spec. 'O{}m' on line 47.
.................................................
.................................................
. LaTeX info: "xparse/define-command"
. 
. Defining document command \setmonofont with arg. spec. 'O{}m' on line 51.
.................................................
.................................................
. LaTeX info: "xparse/define-command"
. 
. Defining document command \setmathrm with arg. spec. 'O{}m' on line 59.
.................................................
.................................................
. LaTeX info: "xparse/define-command"
. 
. Defining document command \setboldmathrm with arg. spec. 'O{}m' on line 62.
.................................................
.................................................
. LaTeX info: "xparse/define-command"
. 
. Defining document command \setmathsf with arg. spec. 'O{}m' on line 65.
.................................................
.................................................
. LaTeX info: "xparse/define-command"
. 
. Defining document command \setmathtt with arg. spec. 'O{}m' on line 68.
.................................................
.................................................
. LaTeX info: "xparse/define-command"
. 
. Defining document command \newfontfamily with arg. spec. 'mO{}m' on line 84.
.................................................
.................................................
. LaTeX info: "xparse/define-command"
. 
. Defining document command \newfontface with arg. spec. 'mO{}m' on line 87.
.................................................
.................................................
. LaTeX info: "xparse/define-command"
. 
. Defining document command \defaultfontfeatures with arg. spec. 'm' on line
. 91.
.................................................
.................................................
. LaTeX info: "xparse/define-command"
. 
. Defining document command \addfontfeatures with arg. spec. 'm' on line 107.
.................................................
.................................................
. LaTeX info: "xparse/define-command"
. 
. Defining document command \newfontfeature with arg. spec. 'mm' on line 118.
.................................................
.................................................
. LaTeX info: "xparse/define-command"
. 
. Defining document command \newAATfeature with arg. spec. 'mmmm' on line 125.
.................................................
.................................................
. LaTeX info: "xparse/define-command"
. 
. Defining document command \newICUfeature with arg. spec. 'mmm' on line 132.
.................................................
.................................................
. LaTeX info: "xparse/define-command"
. 
. Defining document command \aliasfontfeature with arg. spec. 'mm' on line
. 159.
.................................................
.................................................
. LaTeX info: "xparse/define-command"
. 
. Defining document command \aliasfontfeatureoption with arg. spec. 'mmm' on
. line 164.
.................................................
.................................................
. LaTeX info: "xparse/define-command"
. 
. Defining document command \newfontscript with arg. spec. 'mm' on line 169.
.................................................
.................................................
. LaTeX info: "xparse/define-command"
. 
. Defining document command \newfontlanguage with arg. spec. 'mm' on line 192.
.................................................
.................................................
. LaTeX info: "xparse/define-command"
. 
. Defining document command \DeclareFontsExtensions with arg. spec. 'm' on
. line 211.
.................................................
Variant \prop_gput:cnV already defined; not changing it on line 485
Variant \prop_gput:cnx already defined; not changing it on line 486
\l_fontspec_tmp_int=\count288
LaTeX Info: Redefining \itshape on input line 1893.
LaTeX Info: Redefining \slshape on input line 1897.
LaTeX Info: Redefining \scshape on input line 1901.
LaTeX Info: Redefining \upshape on input line 1905.

(/usr/local/texlive/2012/texmf-dist/tex/latex/fontspec/fontspec.cfg)))
(/usr/local/texlive/2012/texmf-dist/tex/latex/xltxtra/xltxtra.sty
Package: xltxtra 2010/09/20 v0.5e Improvements for the "XeLaTeX" format

(/usr/local/texlive/2012/texmf-dist/tex/generic/oberdiek/ifluatex.sty
Package: ifluatex 2010/03/01 v1.3 Provides the ifluatex switch (HO)
Package ifluatex Info: LuaTeX not detected.
)
(/usr/local/texlive/2012/texmf-dist/tex/latex/realscripts/realscripts.sty
Package: realscripts 2010/09/30 v0.3 Access OpenType subscripts and superscript
s
.................................................
. LaTeX info: "xparse/define-command"
. 
. Defining document command \fakesubscript with arg. spec. 'm' on line 19.
.................................................
.................................................
. LaTeX info: "xparse/define-command"
. 
. Defining document command \fakesuperscript with arg. spec. 'm' on line 22.
.................................................

*************************************************
* LaTeX warning: "xparse/redefine-command"
* 
* Redefining document command \textsubscript with arg. spec. 's' on line 25.
*************************************************
*************************************************
* LaTeX warning: "xparse/redefine-command"
* 
* Redefining document command \textsuperscript with arg. spec. 's' on line 28.
*************************************************
.................................................
. LaTeX info: "xparse/define-command"
. 
. Defining document command \realsubscript with arg. spec. 'm' on line 45.
.................................................
.................................................
. LaTeX info: "xparse/define-command"
. 
. Defining document command \realsuperscript with arg. spec. 'm' on line 60.
.................................................
.................................................
. LaTeX info: "xparse/define-command"
. 
. Defining document command \textsubsuperscript with arg. spec. 'sO{l}mm' on
. line 137.
.................................................
.................................................
. LaTeX info: "xparse/define-command"
. 
. Defining document command \textsupersubscript with arg. spec. 'sO{l}mm' on
. line 140.
.................................................
\subsupersep=\dimen292
) (/usr/local/texlive/2012/texmf-dist/tex/latex/metalogo/metalogo.sty
Package: metalogo 2010/05/29 v0.12 Extended TeX logo macros
\xl@everylogo=\toks37
\xl@@everylogo=\toks38
LaTeX Info: Redefining \TeX on input line 193.
LaTeX Info: Redefining \LaTeX on input line 202.
LaTeX Info: Redefining \LaTeXe on input line 219.
)
\xxt@tempbox=\box70
)
(/usr/local/texlive/2012/texmf-dist/tex/latex/hyperref/hyperref.sty
Package: hyperref 2012/05/13 v6.82q Hypertext links for LaTeX

(/usr/local/texlive/2012/texmf-dist/tex/generic/oberdiek/hobsub-hyperref.sty
Package: hobsub-hyperref 2012/05/28 v1.13 Bundle oberdiek, subset hyperref (HO)


(/usr/local/texlive/2012/texmf-dist/tex/generic/oberdiek/hobsub-generic.sty
Package: hobsub-generic 2012/05/28 v1.13 Bundle oberdiek, subset generic (HO)
Package: hobsub 2012/05/28 v1.13 Construct package bundles (HO)
Package: infwarerr 2010/04/08 v1.3 Providing info/warning/error messages (HO)
Package: ltxcmds 2011/11/09 v1.22 LaTeX kernel commands for general use (HO)
Package hobsub Info: Skipping package `ifluatex' (already loaded).
Package hobsub Info: Skipping package `ifvtex' (already loaded).
Package: intcalc 2007/09/27 v1.1 Expandable calculations with integers (HO)
Package hobsub Info: Skipping package `ifpdf' (already loaded).
Package: etexcmds 2011/02/16 v1.5 Avoid name clashes with e-TeX commands (HO)
Package etexcmds Info: Could not find \expanded.
(etexcmds)             That can mean that you are not using pdfTeX 1.50 or
(etexcmds)             that some package has redefined \expanded.
(etexcmds)             In the latter case, load this package earlier.
Package: kvsetkeys 2012/04/25 v1.16 Key value parser (HO)
Package: kvdefinekeys 2011/04/07 v1.3 Define keys (HO)
Package: pdftexcmds 2011/11/29 v0.20 Utility functions of pdfTeX for LuaTeX (HO
)
Package pdftexcmds Info: LuaTeX not detected.
Package pdftexcmds Info: pdfTeX >= 1.30 not detected.
Package pdftexcmds Info: \pdf@primitive is available.
Package pdftexcmds Info: \pdf@ifprimitive is available.
Package pdftexcmds Info: \pdfdraftmode not found.
Package: pdfescape 2011/11/25 v1.13 Implements pdfTeX's escape features (HO)
Package: bigintcalc 2012/04/08 v1.3 Expandable calculations on big integers (HO
)
Package: bitset 2011/01/30 v1.1 Handle bit-vector datatype (HO)
Package: uniquecounter 2011/01/30 v1.2 Provide unlimited unique counter (HO)
)
Package hobsub Info: Skipping package `hobsub' (already loaded).
Package: letltxmacro 2010/09/02 v1.4 Let assignment for LaTeX macros (HO)
Package: hopatch 2012/05/28 v1.2 Wrapper for package hooks (HO)
Package: xcolor-patch 2011/01/30 xcolor patch
Package: atveryend 2011/06/30 v1.8 Hooks at the very end of document (HO)
Package atveryend Info: \enddocument detected (standard20110627).
Package: atbegshi 2011/10/05 v1.16 At begin shipout hook (HO)
Package: refcount 2011/10/16 v3.4 Data extraction from label references (HO)
Package: hycolor 2011/01/30 v1.7 Color options for hyperref/bookmark (HO)
)
(/usr/local/texlive/2012/texmf-dist/tex/latex/oberdiek/kvoptions.sty
Package: kvoptions 2011/06/30 v3.11 Key value format for package options (HO)
)
\@linkdim=\dimen293
\Hy@linkcounter=\count289
\Hy@pagecounter=\count290

(/usr/local/texlive/2012/texmf-dist/tex/latex/hyperref/pd1enc.def
File: pd1enc.def 2012/05/13 v6.82q Hyperref: PDFDocEncoding definition (HO)
)
\Hy@SavedSpaceFactor=\count291

(/usr/local/texlive/2012/texmf-dist/tex/xelatex/xetexconfig/hyperref.cfg
File: hyperref.cfg 2008/07/11 v1.2 hyperref configuration for XeLaTeX
)
Package hyperref Info: Hyper figures OFF on input line 4062.
Package hyperref Info: Link nesting OFF on input line 4067.
Package hyperref Info: Hyper index ON on input line 4070.
Package hyperref Info: Plain pages OFF on input line 4077.
Package hyperref Info: Backreferencing ON on input line 4080.
Package hyperref Info: Implicit mode ON; LaTeX internals redefined.
Package hyperref Info: Bookmarks ON on input line 4300.

(/usr/local/texlive/2012/texmf-dist/tex/latex/hyperref/backref.sty
Package: backref 2010/08/30 v1.36 Bibliographical back referencing

(/usr/local/texlive/2012/texmf-dist/tex/latex/oberdiek/rerunfilecheck.sty
Package: rerunfilecheck 2011/04/15 v1.7 Rerun checks for auxiliary files (HO)
Package rerunfilecheck Info: Feature \pdfmdfivesum is not available
(rerunfilecheck)             (e.g. pdfTeX or LuaTeX with package `pdftexcmds').

(rerunfilecheck)             Therefore file contents cannot be checked efficien
tly
(rerunfilecheck)             and the loading of the package is aborted.
))
\c@Hy@tempcnt=\count292

(/usr/local/texlive/2012/texmf-dist/tex/latex/url/url.sty
\Urlmuskip=\muskip11
Package: url 2006/04/12  ver 3.3  Verb mode for urls, etc.
)
LaTeX Info: Redefining \url on input line 4653.
\Fld@menulength=\count293
\Field@Width=\dimen294
\Fld@charsize=\dimen295
Package hyperref Info: Hyper figures OFF on input line 5773.
Package hyperref Info: Link nesting OFF on input line 5778.
Package hyperref Info: Hyper index ON on input line 5781.
Package hyperref Info: backreferencing ON on input line 5786.
Package hyperref Info: Link coloring OFF on input line 5793.
Package hyperref Info: Link coloring with OCG OFF on input line 5798.
Package hyperref Info: PDF/A mode OFF on input line 5803.
LaTeX Info: Redefining \ref on input line 5843.
LaTeX Info: Redefining \pageref on input line 5847.
\Hy@abspage=\count294
\c@Item=\count295
\c@Hfootnote=\count296
)

Package hyperref Message: Driver (autodetected): hxetex.

(/usr/local/texlive/2012/texmf-dist/tex/latex/hyperref/hxetex.def
File: hxetex.def 2012/05/13 v6.82q Hyperref driver for XeTeX

(/usr/local/texlive/2012/texmf-dist/tex/latex/hyperref/puenc.def
File: puenc.def 2012/05/13 v6.82q Hyperref: PDF Unicode definition (HO)
)
(/usr/local/texlive/2012/texmf-dist/tex/generic/oberdiek/stringenc.sty
Package: stringenc 2011/12/02 v1.10 Convert strings between diff. encodings (HO
)
)
\pdfm@box=\box71
\c@Hy@AnnotLevel=\count297
\HyField@AnnotCount=\count298
\Fld@listcount=\count299
\c@bookmark@seq@number=\count300
\Hy@SectionHShift=\skip69
)

Package hyperref Warning: Option `bookmarks' has already been used,
(hyperref)                setting the option has no effect on input line 64.

Package hyperref Info: Option `unicode' set `false' on input line 64.

Package hyperref Warning: XeTeX driver only supports `unicode=true'. Ignoring
(hyperref)                option setting `unicode=false' on input line 64.

Package hyperref Info: Option `colorlinks' set `true' on input line 64.
\g_fontspec_family_Cabin_int=\count301
.................................................
. fontspec info: "defining-font"
. 
. Font family 'Cabin(0)' created for font 'Cabin' with options
. [BoldFont={Cabin Bold}].
. 
. This font family consists of the following shapes:
. 
. * 'normal' with NFSS spec.:
. <->"Cabin/ICU:script=latn;language=DFLT;"
. 
. * 'small caps' with NFSS spec.:
. <->"Cabin/ICU:script=latn;language=DFLT;+smcp;"
. 
. * 'bold' with NFSS spec.:
. <->"Cabin Bold/ICU:script=latn;language=DFLT;"
. 
. * 'bold small caps' with NFSS spec.:
. <->"Cabin Bold/ICU:script=latn;language=DFLT;+smcp;"
. 
. * 'italic' with NFSS spec.:
. <->"Cabin/I/ICU:script=latn;language=DFLT;"
. 
. * 'italic small caps' with NFSS spec.:
. <->"Cabin/I/ICU:script=latn;language=DFLT;+smcp;"
. 
. * 'bold italic' with NFSS spec.:
. <->"Cabin Bold/I/ICU:script=latn;language=DFLT;"
. 
. * 'bold italic small caps' with NFSS spec.:
. <->"Cabin Bold/I/ICU:script=latn;language=DFLT;+smcp;"
.................................................
.................................................
. fontspec info: "no-scripts"
. 
. Font Courier does not contain any OpenType `Script' information.
.................................................
\g_fontspec_family_Courier_int=\count302
.................................................
. fontspec info: "defining-font"
. 
. Font family 'Courier(0)' created for font 'Courier' with options
. [BoldFont={Courier Bold}].
. 
. This font family consists of the following shapes:
. 
. * 'normal' with NFSS spec.:
. <->"Courier/AAT:"
. 
. * 'bold' with NFSS spec.:
. <->"Courier Bold/AAT:"
. 
. * 'italic' with NFSS spec.:
. <->"Courier/I/AAT:"
. 
. * 'bold italic' with NFSS spec.:
. <->"Courier Bold/I/AAT:"
.................................................
\g_fontspec_family_Marker Felt_int=\count303
.................................................
. fontspec info: "no-font-shape"
. 
. Could not resolve font Marker Felt/I (it probably doesn't exist).
.................................................
.................................................
. fontspec info: "defining-font"
. 
. Font family 'MarkerFelt(0)' created for font 'Marker Felt' with options [].
. 
. This font family consists of the following shapes:
. 
. * 'normal' with NFSS spec.:
. <->"Marker Felt/ICU:script=latn;language=DFLT;"
. 
. * 'bold' with NFSS spec.:
. <->"Marker Felt/B/ICU:script=latn;language=DFLT;"
. 
. * 'bold italic' with NFSS spec.:
. <->"Marker Felt/BI/ICU:script=latn;language=DFLT;"
.................................................
\g_fontspec_family_Cabin Bold_int=\count304
.................................................
. fontspec info: "no-font-shape"
. 
. Could not resolve font Cabin Bold/B (it probably doesn't exist).
.................................................
.................................................
. fontspec info: "defining-font"
. 
. Font family 'CabinBold(0)' created for font 'Cabin Bold' with options [].
. 
. This font family consists of the following shapes:
. 
. * 'normal' with NFSS spec.:
. <->"Cabin Bold/ICU:script=latn;language=DFLT;"
. 
. * 'small caps' with NFSS spec.:
. <->"Cabin Bold/ICU:script=latn;language=DFLT;+smcp;"
. 
. * 'italic' with NFSS spec.:
. <->"Cabin Bold/I/ICU:script=latn;language=DFLT;"
. 
. * 'italic small caps' with NFSS spec.:
. <->"Cabin Bold/I/ICU:script=latn;language=DFLT;+smcp;"
. 
. * 'bold italic' with NFSS spec.:
. <->"Cabin Bold/BI/ICU:script=latn;language=DFLT;"
. 
. * 'bold italic small caps' with NFSS spec.:
. <->"Cabin Bold/BI/ICU:script=latn;language=DFLT;+smcp;"
.................................................
.................................................
. fontspec info: "defining-font"
. 
. Font family 'CabinBold(0)' created for font 'Cabin Bold' with options [].
. 
. This font family consists of the following shapes:
.................................................
\g_fontspec_family_Helvetica Neue Bold_int=\count305
.................................................
. fontspec info: "no-font-shape"
. 
. Could not resolve font Helvetica Neue Bold/B (it probably doesn't exist).
.................................................
.................................................
. fontspec info: "defining-font"
. 
. Font family 'HelveticaNeueBold(0)' created for font 'Helvetica Neue Bold'
. with options [].
. 
. This font family consists of the following shapes:
. 
. * 'normal' with NFSS spec.:
. <->"Helvetica Neue Bold/ICU:script=latn;language=DFLT;"
. 
. * 'italic' with NFSS spec.:
. <->"Helvetica Neue Bold/I/ICU:script=latn;language=DFLT;"
. 
. * 'bold italic' with NFSS spec.:
. <->"Helvetica Neue Bold/BI/ICU:script=latn;language=DFLT;"
.................................................
(/usr/local/texlive/2012/texmf-dist/tex/latex/listings/listings.sty
\lst@mode=\count306
\lst@gtempboxa=\box72
\lst@token=\toks39
\lst@length=\count307
\lst@currlwidth=\dimen296
\lst@column=\count308
\lst@pos=\count309
\lst@lostspace=\dimen297
\lst@width=\dimen298
\lst@newlines=\count310
\lst@lineno=\count311
\lst@maxwidth=\dimen299

(/usr/local/texlive/2012/texmf-dist/tex/latex/listings/lstmisc.sty
File: lstmisc.sty 2007/02/22 1.4 (Carsten Heinz)
\c@lstnumber=\count312
\lst@skipnumbers=\count313
\lst@framebox=\box73
)
(/usr/local/texlive/2012/texmf-dist/tex/latex/listings/listings.cfg
File: listings.cfg 2007/02/22 1.4 listings configuration
))
Package: listings 2007/02/22 1.4 (Carsten Heinz)


Package Fancyhdr Warning: \fancyhead's `E' option without twoside option is use
less on input line 160.


Package Fancyhdr Warning: \fancyhead's `E' option without twoside option is use
less on input line 163.

(/usr/local/texlive/2012/texmf-dist/tex/latex/titlesec/ttlkeys.def
File: ttlkeys.def 2011/12/15
))
(/Users/nmontes/Library/texmf/tex/latex/mmd/mmd-abitbol-begin-doc.tex
(./latest.aux

LaTeX Warning: Label `networking' multiply defined.


LaTeX Warning: Label `quantum' multiply defined.


LaTeX Warning: Label `preparingthenode' multiply defined.


LaTeX Warning: Label `networking' multiply defined.


LaTeX Warning: Label `quantum' multiply defined.


LaTeX Warning: Label `nova' multiply defined.

)
\openout1 = `latest.aux'.

LaTeX Font Info:    Checking defaults for OML/cmm/m/it on input line 5.
LaTeX Font Info:    ... okay on input line 5.
LaTeX Font Info:    Checking defaults for T1/cmr/m/n on input line 5.
LaTeX Font Info:    ... okay on input line 5.
LaTeX Font Info:    Checking defaults for OT1/cmr/m/n on input line 5.
LaTeX Font Info:    ... okay on input line 5.
LaTeX Font Info:    Checking defaults for OMS/cmsy/m/n on input line 5.
LaTeX Font Info:    ... okay on input line 5.
LaTeX Font Info:    Checking defaults for OMX/cmex/m/n on input line 5.
LaTeX Font Info:    ... okay on input line 5.
LaTeX Font Info:    Checking defaults for U/cmr/m/n on input line 5.
LaTeX Font Info:    ... okay on input line 5.
LaTeX Font Info:    Checking defaults for EU1/lmr/m/n on input line 5.
LaTeX Font Info:    ... okay on input line 5.
LaTeX Font Info:    Checking defaults for T3/cmr/m/n on input line 5.
LaTeX Font Info:    Try loading font information for T3+cmr on input line 5.
 (/usr/local/texlive/2012/texmf-dist/tex/latex/tipa/t3cmr.fd
File: t3cmr.fd 2001/12/31 TIPA font definitions
)
LaTeX Font Info:    ... okay on input line 5.
LaTeX Font Info:    Checking defaults for PD1/pdf/m/n on input line 5.
LaTeX Font Info:    ... okay on input line 5.
LaTeX Font Info:    Checking defaults for PU/pdf/m/n on input line 5.
LaTeX Font Info:    ... okay on input line 5.

*geometry* driver: auto-detecting
*geometry* detected driver: xetex
*geometry* verbose mode - [ preamble ] result:
* driver: xetex
* paper: <default>
* layout: <same size as paper>
* layoutoffset:(h,v)=(0.0pt,0.0pt)
* modes: 
* h-part:(L,W,R)=(89.6271pt, 418.25372pt, 89.6271pt)
* v-part:(T,H,B)=(101.40665pt, 672.5084pt, 71.13188pt)
* \paperwidth=597.50793pt
* \paperheight=845.04694pt
* \textwidth=418.25372pt
* \textheight=672.5084pt
* \oddsidemargin=17.35712pt
* \evensidemargin=17.35712pt
* \topmargin=-8.26335pt
* \headheight=17.0pt
* \headsep=20.40001pt
* \topskip=11.0pt
* \footskip=47.60002pt
* \marginparwidth=57.0pt
* \marginparsep=12.8401pt
* \columnsep=10.0pt
* \skip\footins=10.0pt plus 4.0pt minus 2.0pt
* \hoffset=0.0pt
* \voffset=0.0pt
* \mag=1000
* \@twocolumnfalse
* \@twosidefalse
* \@mparswitchfalse
* \@reversemarginfalse
* (1in=72.27pt=25.4mm, 1cm=28.453pt)

LaTeX Info: Redefining \degres on input line 5.

Package frenchb.ldf Warning: The definition of \@makecaption has been changed,
(frenchb.ldf)                frenchb will NOT customise it;
(frenchb.ldf)                reported on input line 5.

LaTeX Info: Redefining \dots on input line 5.
LaTeX Info: Redefining \up on input line 5.
ABD: EveryShipout initializing macros
Package caption Info: Begin \AtBeginDocument code.
Package caption Info: hyperref package is loaded.
Package caption Info: listings package is loaded.
Package caption Info: End \AtBeginDocument code.
.................................................
. fontspec info: "setup-math"
. 
. Adjusting the maths setup (use [no-math] to avoid this).
.................................................
\symlegacymaths=\mathgroup6
LaTeX Font Info:    Overwriting symbol font `legacymaths' in version `bold'
(Font)                  OT1/cmr/m/n --> OT1/cmr/bx/n on input line 5.
LaTeX Font Info:    Redeclaring math accent \acute on input line 5.
LaTeX Font Info:    Redeclaring math accent \grave on input line 5.
LaTeX Font Info:    Redeclaring math accent \ddot on input line 5.
LaTeX Font Info:    Redeclaring math accent \tilde on input line 5.
LaTeX Font Info:    Redeclaring math accent \bar on input line 5.
LaTeX Font Info:    Redeclaring math accent \breve on input line 5.
LaTeX Font Info:    Redeclaring math accent \check on input line 5.
LaTeX Font Info:    Redeclaring math accent \hat on input line 5.
LaTeX Font Info:    Redeclaring math accent \dot on input line 5.
LaTeX Font Info:    Redeclaring math accent \mathring on input line 5.
LaTeX Font Info:    Redeclaring math symbol \Gamma on input line 5.
LaTeX Font Info:    Redeclaring math symbol \Delta on input line 5.
LaTeX Font Info:    Redeclaring math symbol \Theta on input line 5.
LaTeX Font Info:    Redeclaring math symbol \Lambda on input line 5.
LaTeX Font Info:    Redeclaring math symbol \Xi on input line 5.
LaTeX Font Info:    Redeclaring math symbol \Pi on input line 5.
LaTeX Font Info:    Redeclaring math symbol \Sigma on input line 5.
LaTeX Font Info:    Redeclaring math symbol \Upsilon on input line 5.
LaTeX Font Info:    Redeclaring math symbol \Phi on input line 5.
LaTeX Font Info:    Redeclaring math symbol \Psi on input line 5.
LaTeX Font Info:    Redeclaring math symbol \Omega on input line 5.
LaTeX Font Info:    Redeclaring math symbol \mathdollar on input line 5.
LaTeX Font Info:    Redeclaring symbol font `operators' on input line 5.
LaTeX Font Info:    Encoding `OT1' has changed to `EU1' for symbol font
(Font)              `operators' in the math version `normal' on input line 5.
LaTeX Font Info:    Overwriting symbol font `operators' in version `normal'
(Font)                  OT1/cmr/m/n --> EU1/lmr/m/n on input line 5.
LaTeX Font Info:    Encoding `OT1' has changed to `EU1' for symbol font
(Font)              `operators' in the math version `bold' on input line 5.
LaTeX Font Info:    Overwriting symbol font `operators' in version `bold'
(Font)                  OT1/cmr/bx/n --> EU1/lmr/m/n on input line 5.
LaTeX Font Info:    Overwriting symbol font `operators' in version `normal'
(Font)                  EU1/lmr/m/n --> EU1/lmr/m/n on input line 5.
LaTeX Font Info:    Overwriting math alphabet `\mathrm' in version `normal'
(Font)                  EU1/lmr/m/n --> EU1/lmr/m/n on input line 5.
LaTeX Font Info:    Overwriting math alphabet `\mathit' in version `normal'
(Font)                  OT1/cmr/m/it --> EU1/lmr/m/it on input line 5.
LaTeX Font Info:    Overwriting math alphabet `\mathbf' in version `normal'
(Font)                  OT1/cmr/bx/n --> EU1/lmr/bx/n on input line 5.
LaTeX Font Info:    Overwriting math alphabet `\mathsf' in version `normal'
(Font)                  OT1/cmss/m/n --> EU1/Cabin(0)/m/n on input line 5.
LaTeX Font Info:    Overwriting math alphabet `\mathtt' in version `normal'
(Font)                  OT1/cmtt/m/n --> EU1/Courier(0)/m/n on input line 5.
LaTeX Font Info:    Overwriting symbol font `operators' in version `bold'
(Font)                  EU1/lmr/m/n --> EU1/lmr/bx/n on input line 5.
LaTeX Font Info:    Overwriting math alphabet `\mathrm' in version `bold'
(Font)                  EU1/lmr/m/n --> EU1/lmr/bx/n on input line 5.
LaTeX Font Info:    Overwriting math alphabet `\mathit' in version `bold'
(Font)                  OT1/cmr/bx/it --> EU1/lmr/bx/it on input line 5.
LaTeX Font Info:    Overwriting math alphabet `\mathsf' in version `bold'
(Font)                  OT1/cmss/bx/n --> EU1/Cabin(0)/bx/n on input line 5.
LaTeX Font Info:    Overwriting math alphabet `\mathtt' in version `bold'
(Font)                  OT1/cmtt/m/n --> EU1/Courier(0)/bx/n on input line 5.
\AtBeginShipoutBox=\box74
Package hyperref Info: Link coloring ON on input line 5.

(/usr/local/texlive/2012/texmf-dist/tex/latex/hyperref/nameref.sty
Package: nameref 2010/04/30 v2.40 Cross-referencing by name of section

(/usr/local/texlive/2012/texmf-dist/tex/generic/oberdiek/gettitlestring.sty
Package: gettitlestring 2010/12/03 v1.4 Cleanup title references (HO)
)
\c@section@level=\count314
)
LaTeX Info: Redefining \ref on input line 5.
LaTeX Info: Redefining \pageref on input line 5.
LaTeX Info: Redefining \nameref on input line 5.

(./latest.out) (./latest.out)
\@outlinefile=\write4
\openout4 = `latest.out'.

\c@lstlisting=\count315
File: logoEUROP.pdf Graphic file (type QTm)
 <use  "logoEUROP.pdf" >
(/usr/local/texlive/2012/texmf-dist/tex/generic/oberdiek/se-ascii-print.def
File: se-ascii-print.def 2011/12/02 v1.10 stringenc: Printable ASCII characters

)
[1


]
.................................................
. fontspec info: "defining-font"
. 
. Font family 'Cabin(1)' created for font 'Cabin' with options
. [BoldFont={Cabin Bold},LetterSpace=-10.0].
. 
. This font family consists of the following shapes:
. 
. * 'normal' with NFSS spec.:
. <->"Cabin/ICU:script=latn;language=DFLT;letterspace=-10.0;"
. 
. * 'small caps' with NFSS spec.:
. <->"Cabin/ICU:script=latn;language=DFLT;letterspace=-10.0;+smcp;"
. 
. * 'bold' with NFSS spec.:
. <->"Cabin Bold/ICU:script=latn;language=DFLT;letterspace=-10.0;"
. 
. * 'bold small caps' with NFSS spec.:
. <->"Cabin Bold/ICU:script=latn;language=DFLT;letterspace=-10.0;+smcp;"
. 
. * 'italic' with NFSS spec.:
. <->"Cabin/I/ICU:script=latn;language=DFLT;letterspace=-10.0;"
. 
. * 'italic small caps' with NFSS spec.:
. <->"Cabin/I/ICU:script=latn;language=DFLT;letterspace=-10.0;+smcp;"
. 
. * 'bold italic' with NFSS spec.:
. <->"Cabin Bold/I/ICU:script=latn;language=DFLT;letterspace=-10.0;"
. 
. * 'bold italic small caps' with NFSS spec.:
. <->"Cabin Bold/I/ICU:script=latn;language=DFLT;letterspace=-10.0;+smcp;"
.................................................
 (./latest.toc
Overfull \hbox (1.6pt too wide) detected at line 18
[]\EU1/Cabin(0)/m/n/10 10.[] 
 []

)
\tf@toc=\write5
\openout5 = `latest.toc'.

) [2

]

LaTeX Font Warning: Font shape `EU1/HelveticaNeueBold(0)/bx/n' undefined
(Font)              using `EU1/HelveticaNeueBold(0)/m/n' instead on input line 
15.


Overfull \hbox (47.4472pt too wide) in paragraph at lines 18--18
[] []| []
 []


Overfull \hbox (38.8899pt too wide) in paragraph at lines 27--28
[] []|[]
 []


Overfull \hbox (38.8899pt too wide) in paragraph at lines 44--46
[] []|[]
 []

[3]
Chapitre 1.

Class scrreprt Warning: \float@addtolists detected!
(scrreprt)              You should use the features of package `tocbasic'
(scrreprt)              instead of \float@addtolists.
(scrreprt)              Support for \float@addtolists may be removed from
(scrreprt)              `scrreprt' soon .

.................................................
. fontspec info: "defining-font"
. 
. Font family 'Cabin(1)' created for font 'Cabin' with options
. [BoldFont={Cabin Bold},LetterSpace=-10.0].
. 
. This font family consists of the following shapes:
.................................................
LaTeX Font Info:    Try loading font information for U+msa on input line 68.
(/usr/local/texlive/2012/texmf-dist/tex/latex/amsfonts/umsa.fd
File: umsa.fd 2009/06/22 v3.00 AMS symbols A
)
LaTeX Font Info:    Try loading font information for U+msb on input line 68.

(/usr/local/texlive/2012/texmf-dist/tex/latex/amsfonts/umsb.fd
File: umsb.fd 2009/06/22 v3.00 AMS symbols B
) [4

]
Chapitre 2.
.................................................
. fontspec info: "defining-font"
. 
. Font family 'Cabin(1)' created for font 'Cabin' with options
. [BoldFont={Cabin Bold},LetterSpace=-10.0].
. 
. This font family consists of the following shapes:
.................................................

Overfull \hbox (38.8899pt too wide) in paragraph at lines 85--85
[] []|[]
 []


Overfull \hbox (43.90721pt too wide) in paragraph at lines 99--99
 []\EU1/Courier(0)/m/n/10.95 precise-updates/grizzly main >> /etc/apt/sources.l
ist.d/grizzly.list[] 
 []


Overfull \hbox (38.8899pt too wide) in paragraph at lines 116--116
[] []|[]
 []

[5

]
Overfull \hbox (38.8899pt too wide) in paragraph at lines 147--147
[] []|[]
 []


Overfull \hbox (78.9529pt too wide) in paragraph at lines 189--189
 []\EU1/Courier(0)/m/n/10.95 GRANT ALL ON keystone.* TO 'keystoneUser'@'%' IDEN
TIFIED BY 'keystonePass';[] 
 []


Overfull \hbox (39.52657pt too wide) in paragraph at lines 189--189
 []\EU1/Courier(0)/m/n/10.95 GRANT ALL ON glance.* TO 'glanceUser'@'%' IDENTIFI
ED BY 'glancePass';[] 
 []


Overfull \hbox (59.23972pt too wide) in paragraph at lines 189--189
 []\EU1/Courier(0)/m/n/10.95 GRANT ALL ON quantum.* TO 'quantumUser'@'%' IDENTI
FIED BY 'quantumPass';[] 
 []


Overfull \hbox (0.1002pt too wide) in paragraph at lines 189--189
 []\EU1/Courier(0)/m/n/10.95 GRANT ALL ON nova.* TO 'novaUser'@'%' IDENTIFIED B
Y 'novaPass';[] 
 []


Overfull \hbox (39.52657pt too wide) in paragraph at lines 189--189
 []\EU1/Courier(0)/m/n/10.95 GRANT ALL ON cinder.* TO 'cinderUser'@'%' IDENTIFI
ED BY 'cinderPass';[] 
 []


Overfull \hbox (38.8899pt too wide) in paragraph at lines 197--197
[] []|[]
 []

[6]
Overfull \hbox (38.8899pt too wide) in paragraph at lines 217--217
[] []|[]
 []


Overfull \hbox (38.8899pt too wide) in paragraph at lines 241--241
[] []|[]
 []


Overfull \hbox (39.52652pt too wide) in paragraph at lines 254--254
 []\EU1/Courier(0)/m/n/10.95 connection = mysql://keystoneUser:keystonePass@10.
10.10.51/keystone[] 
 []


Overfull \hbox (76.76599pt too wide) in paragraph at lines 283--283
[]    \EU1/Courier(0)/m/n/10.95 wget https://raw.github.com/mseknibilel/OpenSta
ck-Grizzly-Install-Guide/\[] 
 []


Overfull \hbox (76.76599pt too wide) in paragraph at lines 283--283
[]    \EU1/Courier(0)/m/n/10.95 wget https://raw.github.com/mseknibilel/OpenSta
ck-Grizzly-Install-Guide/\[] 
 []

[7]
Overfull \hbox (38.8899pt too wide) in paragraph at lines 315--315
[] []|[]
 []


Overfull \hbox (0.10016pt too wide) in paragraph at lines 336--336
 []\EU1/Courier(0)/m/n/10.95 paste.filter_factory = keystoneclient.middleware.a
uth_token:\[] 
 []


Overfull \hbox (0.10016pt too wide) in paragraph at lines 351--351
 []\EU1/Courier(0)/m/n/10.95 paste.filter_factory = keystoneclient.middleware.a
uth_token:\[] 
 []


Overfull \hbox (26.3844pt too wide) in paragraph at lines 358--358
 []\EU1/Courier(0)/m/n/10.95 sql_connection = mysql://glanceUser:glancePass@10.
10.10.51/glance[] 
 []

[8]
Overfull \hbox (26.3844pt too wide) in paragraph at lines 373--373
 []\EU1/Courier(0)/m/n/10.95 sql_connection = mysql://glanceUser:glancePass@10.
10.10.51/glance[] 
 []


Overfull \hbox (38.8899pt too wide) in paragraph at lines 420--420
[] []|[]
 []


Overfull \hbox (79.22545pt too wide) in paragraph at lines 428--429
[]\EU1/lmr/m/n/10.95 Edit the OVS plugin configuration file /etc/quantum/plugin
s/openvswitch/ovs_quantum_plugin.ini
 []


Overfull \hbox (46.09756pt too wide) in paragraph at lines 440--440
 []\EU1/Courier(0)/m/n/10.95 sql_connection = mysql://quantumUser:quantumPass@1
0.10.10.51/quantum[] 
 []


Overfull \hbox (0.10016pt too wide) in paragraph at lines 455--455
 []\EU1/Courier(0)/m/n/10.95 paste.filter_factory = keystoneclient.middleware.a
uth_token:\[] 
 []

[9]
Overfull \hbox (38.8899pt too wide) in paragraph at lines 484--484
[] []|[]
 []


Overfull \hbox (0.10016pt too wide) in paragraph at lines 508--508
 []\EU1/Courier(0)/m/n/10.95 paste.filter_factory = keystoneclient.middleware.a
uth_token:\[] 
 []


Overfull \hbox (11.05193pt too wide) in paragraph at lines 566--566
 []\EU1/Courier(0)/m/n/10.95 compute_scheduler_driver=nova.scheduler.simple.Sim
pleScheduler[] 
 []

[10]
Overfull \hbox (57.04933pt too wide) in paragraph at lines 566--566
 []\EU1/Courier(0)/m/n/10.95 libvirt_vif_driver=nova.virt.libvirt.vif.LibvirtHy
bridOVSBridgeDriver[] 
 []


Overfull \hbox (76.76251pt too wide) in paragraph at lines 566--566
 []\EU1/Courier(0)/m/n/10.95 linuxnet_interface_driver=nova.network.linux_net.L
inuxOVSInterfaceDriver[] 
 []


Overfull \hbox (30.7651pt too wide) in paragraph at lines 566--566
 []\EU1/Courier(0)/m/n/10.95 firewall_driver=nova.virt.libvirt.firewall.Iptable
sFirewallDriver[] 
 []

[11]
Overfull \hbox (59.23972pt too wide) in paragraph at lines 580--580
 []\EU1/Courier(0)/m/n/10.95 cd /etc/init.d/; for i in $( ls nova-* ); do sudo 
service $i restart; done[] 
 []


Overfull \hbox (48.49759pt too wide) in paragraph at lines 595--595
[] []|[]
 []


Overfull \hbox (26.3844pt too wide) in paragraph at lines 651--651
 []\EU1/Courier(0)/m/n/10.95 sql_connection = mysql://cinderUser:cinderPass@10.
10.10.51/cinder[] 
 []

[12]
Overfull \hbox (41.7169pt too wide) in paragraph at lines 698--698
 []\EU1/Courier(0)/m/n/10.95 cd /etc/init.d/; for i in $( ls cinder-* ); do sud
o service $i restart;[] 
 []


Overfull \hbox (35.14584pt too wide) in paragraph at lines 706--706
 []\EU1/Courier(0)/m/n/10.95 cd /etc/init.d/; for i in $( ls cinder-* ); do sud
o service $i status;[] 
 []


Overfull \hbox (48.49759pt too wide) in paragraph at lines 714--714
[] []|[]
 []

[13] [14]
Chapitre 3.
.................................................
. fontspec info: "defining-font"
. 
. Font family 'Cabin(1)' created for font 'Cabin' with options
. [BoldFont={Cabin Bold},LetterSpace=-10.0].
. 
. This font family consists of the following shapes:
.................................................

Overfull \hbox (38.8899pt too wide) in paragraph at lines 744--744
[] []|[]
 []


Overfull \hbox (43.90721pt too wide) in paragraph at lines 758--758
 []\EU1/Courier(0)/m/n/10.95 precise-updates/grizzly main >> /etc/apt/sources.l
ist.d/grizzly.list[] 
 []


Overfull \hbox (72.38182pt too wide) in paragraph at lines 794--794
 []\EU1/Courier(0)/m/n/10.95 sed -i 's/server 0.ubuntu.pool.ntp.org/#server 0.u
buntu.pool.ntp.org/g' \[] 
 []


Overfull \hbox (72.38182pt too wide) in paragraph at lines 794--794
 []\EU1/Courier(0)/m/n/10.95 sed -i 's/server 1.ubuntu.pool.ntp.org/#server 1.u
buntu.pool.ntp.org/g' \[] 
 []


Overfull \hbox (72.38182pt too wide) in paragraph at lines 794--794
 []\EU1/Courier(0)/m/n/10.95 sed -i 's/server 2.ubuntu.pool.ntp.org/#server 2.u
buntu.pool.ntp.org/g' \[] 
 []


Overfull \hbox (72.38182pt too wide) in paragraph at lines 794--794
 []\EU1/Courier(0)/m/n/10.95 sed -i 's/server 3.ubuntu.pool.ntp.org/#server 3.u
buntu.pool.ntp.org/g' \[] 
 []


Overfull \hbox (32.95546pt too wide) in paragraph at lines 794--794
 []\EU1/Courier(0)/m/n/10.95 sed -i 's/server ntp.ubuntu.com/server 10.10.10.51
/g' /etc/ntp.conf[] 
 []

[15

]
Overfull \hbox (38.8899pt too wide) in paragraph at lines 820--820
[] []|[]
 []


Overfull \hbox (38.8899pt too wide) in paragraph at lines 849--849
[] []|[]
 []


Overfull \hbox (8.86159pt too wide) in paragraph at lines 854--854
 []\EU1/Courier(0)/m/n/10.95 apt-get install -y openvswitch-switch openvswitch-
datapath-dkms[] 
 []


Overfull \hbox (38.8899pt too wide) in paragraph at lines 873--873
[] []|[]
 []

[16]
Overfull \hbox (65.81073pt too wide) in paragraph at lines 879--879
 []\EU1/Courier(0)/m/n/10.95 apt-get -y install quantum-plugin-openvswitch-agen
t quantum-dhcp-agent \[] 
 []


Overfull \hbox (79.22545pt too wide) in paragraph at lines 897--898
[]\EU1/lmr/m/n/10.95 Edit the OVS plugin configuration file /etc/quantum/plugin
s/openvswitch/ovs_quantum_plugin.ini
 []


Overfull \hbox (46.09756pt too wide) in paragraph at lines 912--912
 []\EU1/Courier(0)/m/n/10.95 sql_connection = mysql://quantumUser:quantumPass@1
0.10.10.51/quantum[] 
 []

[17]
Overfull \hbox (38.8899pt too wide) in paragraph at lines 966--966
[] []|[]
 []

[18]
Chapitre 4.
.................................................
. fontspec info: "defining-font"
. 
. Font family 'Cabin(1)' created for font 'Cabin' with options
. [BoldFont={Cabin Bold},LetterSpace=-10.0].
. 
. This font family consists of the following shapes:
.................................................

Overfull \hbox (38.8899pt too wide) in paragraph at lines 999--999
[] []|[]
 []


Overfull \hbox (43.90721pt too wide) in paragraph at lines 1013--1013
 []\EU1/Courier(0)/m/n/10.95 precise-updates/grizzly main >> /etc/apt/sources.l
ist.d/grizzly.list[] 
 []


Overfull \hbox (72.38182pt too wide) in paragraph at lines 1049--1049
 []\EU1/Courier(0)/m/n/10.95 sed -i 's/server 0.ubuntu.pool.ntp.org/#server 0.u
buntu.pool.ntp.org/g' \[] 
 []


Overfull \hbox (72.38182pt too wide) in paragraph at lines 1049--1049
 []\EU1/Courier(0)/m/n/10.95 sed -i 's/server 1.ubuntu.pool.ntp.org/#server 1.u
buntu.pool.ntp.org/g' \[] 
 []


Overfull \hbox (72.38182pt too wide) in paragraph at lines 1049--1049
 []\EU1/Courier(0)/m/n/10.95 sed -i 's/server 2.ubuntu.pool.ntp.org/#server 2.u
buntu.pool.ntp.org/g' \[] 
 []


Overfull \hbox (72.38182pt too wide) in paragraph at lines 1049--1049
 []\EU1/Courier(0)/m/n/10.95 sed -i 's/server 3.ubuntu.pool.ntp.org/#server 3.u
buntu.pool.ntp.org/g' \[] 
 []


Overfull \hbox (32.95546pt too wide) in paragraph at lines 1049--1049
 []\EU1/Courier(0)/m/n/10.95 sed -i 's/server ntp.ubuntu.com/server 10.10.10.51
/g' /etc/ntp.conf[] 
 []

[19

]
Overfull \hbox (38.8899pt too wide) in paragraph at lines 1075--1075
[] []|[]
 []


Overfull \hbox (38.8899pt too wide) in paragraph at lines 1098--1098
[] []|[]
 []

[20]
Overfull \hbox (38.8899pt too wide) in paragraph at lines 1169--1169
[] []|[]
 []


Overfull \hbox (8.86159pt too wide) in paragraph at lines 1174--1174
 []\EU1/Courier(0)/m/n/10.95 apt-get install -y openvswitch-switch openvswitch-
datapath-dkms[] 
 []


Overfull \hbox (38.8899pt too wide) in paragraph at lines 1190--1190
[] []|[]
 []


Overfull \hbox (79.22545pt too wide) in paragraph at lines 1198--1199
[]\EU1/lmr/m/n/10.95 Edit the OVS plugin configuration file /etc/quantum/plugin
s/openvswitch/ovs_quantum_plugin.ini
 []


Overfull \hbox (46.09756pt too wide) in paragraph at lines 1213--1213
 []\EU1/Courier(0)/m/n/10.95 sql_connection = mysql://quantumUser:quantumPass@1
0.10.10.51/quantum[] 
 []

[21]
Overfull \hbox (38.8899pt too wide) in paragraph at lines 1246--1246
[] []|[]
 []


Overfull \hbox (0.10016pt too wide) in paragraph at lines 1269--1269
 []\EU1/Courier(0)/m/n/10.95 paste.filter_factory = keystoneclient.middleware.a
uth_token:\[] 
 []


Overfull \hbox (57.04933pt too wide) in paragraph at lines 1281--1281
 []\EU1/Courier(0)/m/n/10.95 libvirt_vif_driver=nova.virt.libvirt.vif.LibvirtHy
bridOVSBridgeDriver[] 
 []

[22]
Overfull \hbox (11.05193pt too wide) in paragraph at lines 1338--1338
 []\EU1/Courier(0)/m/n/10.95 compute_scheduler_driver=nova.scheduler.simple.Sim
pleScheduler[] 
 []


Overfull \hbox (57.04933pt too wide) in paragraph at lines 1338--1338
 []\EU1/Courier(0)/m/n/10.95 libvirt_vif_driver=nova.virt.libvirt.vif.LibvirtHy
bridOVSBridgeDriver[] 
 []


Overfull \hbox (30.7651pt too wide) in paragraph at lines 1338--1338
 []\EU1/Courier(0)/m/n/10.95 firewall_driver=nova.virt.libvirt.firewall.Iptable
sFirewallDriver[] 
 []

[23] [24]
Chapitre 5.
.................................................
. fontspec info: "defining-font"
. 
. Font family 'Cabin(1)' created for font 'Cabin' with options
. [BoldFont={Cabin Bold},LetterSpace=-10.0].
. 
. This font family consists of the following shapes:
.................................................

Overfull \hbox (6.67123pt too wide) in paragraph at lines 1378--1378
 []\EU1/Courier(0)/m/n/10.95 --tenant-id $put_id_of_project_one --email=user_on
e@domain.com[] 
 []


Overfull \hbox (4.48088pt too wide) in paragraph at lines 1378--1378
 []\EU1/Courier(0)/m/n/10.95 --user-id $put_id_of_user_one --role-id $put_id_of
_member_role[] 
 []


Overfull \hbox (28.57475pt too wide) in paragraph at lines 1385--1385
 []\EU1/Courier(0)/m/n/10.95 quantum net-create --tenant-id $put_id_of_project_
one net_proj_one[] 
 []


Overfull \hbox (13.2423pt too wide) in paragraph at lines 1433--1433
 []\EU1/Courier(0)/m/n/10.95 quantum net-create --tenant-id $put_id_of_admin_te
nant ext_net \[] 
 []

[25

]
Overfull \hbox (0.10016pt too wide) in paragraph at lines 1443--1443
 []\EU1/Courier(0)/m/n/10.95 --allocation-pool start=192.168.100.102,end=192.16
8.100.126 \[] 
 []


Overfull \hbox (116.18884pt too wide) in paragraph at lines 1450--1450
 []\EU1/Courier(0)/m/n/10.95 quantum router-gateway-set $put_router_proj_one_id
_here $put_id_of_ext_net_here[] 
 []


Overfull \hbox (35.14581pt too wide) in paragraph at lines 1479--1479
 []\EU1/Courier(0)/m/n/10.95 nova --no-cache boot --image $id_myFirstImage --fl
avor 1 my_first_vm[] 
 []


Overfull \hbox (17.623pt too wide) in paragraph at lines 1493--1493
 []\EU1/Courier(0)/m/n/10.95 quantum floatingip-associate $put_id_floating_ip $
put_id_vm_port[] 
 []

[26]
Chapitre 6.
.................................................
. fontspec info: "defining-font"
. 
. Font family 'Cabin(1)' created for font 'Cabin' with options
. [BoldFont={Cabin Bold},LetterSpace=-10.0].
. 
. This font family consists of the following shapes:
.................................................
[27

]
Chapitre 7.
.................................................
. fontspec info: "defining-font"
. 
. Font family 'Cabin(1)' created for font 'Cabin' with options
. [BoldFont={Cabin Bold},LetterSpace=-10.0].
. 
. This font family consists of the following shapes:
.................................................
Package atveryend Info: Empty hook `BeforeClearDocument' on input line 1522.
[28

]
Package atveryend Info: Empty hook `AfterLastShipout' on input line 1522.
 (./latest.aux)
Package atveryend Info: Empty hook `AtVeryEndDocument' on input line 1522.
Package atveryend Info: Empty hook `AtEndAfterFileList' on input line 1522.


LaTeX Font Warning: Some font shapes were not available, defaults substituted.


LaTeX Warning: There were multiply-defined labels.

Package atveryend Info: Empty hook `AtVeryVeryEnd' on input line 1522.
 ) 
Here is how much of TeX's memory you used:
 35331 strings out of 494004
 698584 string characters out of 3150890
 774787 words of memory out of 3000000
 37977 multiletter control sequences out of 15000+200000
 10387 words of font info for 90 fonts, out of 3000000 for 9000
 1144 hyphenation exceptions out of 8191
 72i,19n,79p,586b,1285s stack positions out of 5000i,500n,10000p,200000b,50000s

Output written on latest.pdf (28 pages).
