This is XeTeX, Version 3.1415926-2.4-0.9998 (TeX Live 2012)
 restricted \write18 enabled.
entering extended mode
(./latest.tex
LaTeX2e <2011/06/27>
Babel <v3.8m> and hyphenation patterns for english, dumylang, nohyphenation, ge
rman-x-2012-05-30, ngerman-x-2012-05-30, afrikaans, ancientgreek, ibycus, arabi
c, armenian, basque, bulgarian, catalan, pinyin, coptic, croatian, czech, danis
h, dutch, ukenglish, usenglishmax, esperanto, estonian, ethiopic, farsi, finnis
h, french, friulan, galician, german, ngerman, swissgerman, monogreek, greek, h
ungarian, icelandic, assamese, bengali, gujarati, hindi, kannada, malayalam, ma
rathi, oriya, panjabi, tamil, telugu, indonesian, interlingua, irish, italian, 
kurmanji, latin, latvian, lithuanian, mongolian, mongolianlmc, bokmal, nynorsk,
 polish, portuguese, romanian, romansh, russian, sanskrit, serbian, serbianc, s
lovak, slovenian, spanish, swedish, turkish, turkmen, ukrainian, uppersorbian, 
welsh, loaded.
(/Users/nmontes/Library/texmf/tex/latex/mmd/mmd-abitbol-header.tex)
(/Users/nmontes/Library/texmf/tex/latex/mmd/abitbolreport.cls
(/usr/local/texlive/2012/texmf-dist/tex/latex/booktabs/booktabs.sty)
(/usr/local/texlive/2012/texmf-dist/tex/latex/tabulary/tabulary.sty
(/usr/local/texlive/2012/texmf-dist/tex/latex/tools/array.sty))
Document Class: abitbolreport 
(/usr/local/texlive/2012/texmf-dist/tex/latex/koma-script/scrreprt.cls
Document Class: scrreprt 2012/05/15 v3.11 KOMA-Script document class (report)
(/usr/local/texlive/2012/texmf-dist/tex/latex/koma-script/scrkbase.sty
(/usr/local/texlive/2012/texmf-dist/tex/latex/koma-script/scrbase.sty
(/usr/local/texlive/2012/texmf-dist/tex/latex/graphics/keyval.sty)
(/usr/local/texlive/2012/texmf-dist/tex/latex/koma-script/scrlfile.sty
Package scrlfile, 2011/03/09 v3.09 KOMA-Script package (loading files)
                  Copyright (C) Markus Kohm

))) (/usr/local/texlive/2012/texmf-dist/tex/latex/koma-script/tocbasic.sty)
(/usr/local/texlive/2012/texmf-dist/tex/latex/koma-script/scrsize11pt.clo)
(/usr/local/texlive/2012/texmf-dist/tex/latex/koma-script/typearea.sty
Package typearea, 2012/05/15 v3.11 KOMA-Script package (type area)
                  Copyright (C) Frank Neukam, 1992-1994
                  Copyright (C) Markus Kohm, 1994-

)) (/usr/local/texlive/2012/texmf-dist/tex/latex/geometry/geometry.sty
(/usr/local/texlive/2012/texmf-dist/tex/generic/oberdiek/ifpdf.sty)
(/usr/local/texlive/2012/texmf-dist/tex/generic/oberdiek/ifvtex.sty)
(/usr/local/texlive/2012/texmf-dist/tex/generic/ifxetex/ifxetex.sty))
(/usr/local/texlive/2012/texmf-dist/tex/latex/amsfonts/amssymb.sty
(/usr/local/texlive/2012/texmf-dist/tex/latex/amsfonts/amsfonts.sty))
(/usr/local/texlive/2012/texmf-dist/tex/latex/amsmath/amsmath.sty
For additional information on amsmath, use the `?' option.
(/usr/local/texlive/2012/texmf-dist/tex/latex/amsmath/amstext.sty
(/usr/local/texlive/2012/texmf-dist/tex/latex/amsmath/amsgen.sty))
(/usr/local/texlive/2012/texmf-dist/tex/latex/amsmath/amsbsy.sty)
(/usr/local/texlive/2012/texmf-dist/tex/latex/amsmath/amsopn.sty))
(/usr/local/texlive/2012/texmf-dist/tex/generic/babel/babel.sty
(/usr/local/texlive/2012/texmf-dist/tex/generic/babel/english.ldf
(/usr/local/texlive/2012/texmf-dist/tex/generic/babel/babel.def))
(/usr/local/texlive/2012/texmf-dist/tex/generic/babel/frenchb.ldf
*************************************
* Local config file frenchb.cfg used
*
(/usr/local/texlive/2012/texmf-dist/tex/generic/babel/frenchb.cfg)))
(/usr/local/texlive/2012/texmf-dist/tex/latex/carlisle/scalefnt.sty)
(/usr/local/texlive/2012/texmf-dist/tex/latex/titlesec/titlesec.sty)
(/usr/local/texlive/2012/texmf-dist/tex/latex/fancyhdr/fancyhdr.sty)
(/usr/local/texlive/2012/texmf-dist/tex/latex/setspace/setspace.sty)
(/usr/local/texlive/2012/texmf-dist/tex/latex/titlesec/titletoc.sty)
(/usr/local/texlive/2012/texmf-dist/tex/latex/emptypage/emptypage.sty)
(/usr/local/texlive/2012/texmf-dist/tex/latex/pgf/frontendlayer/tikz.sty
(/usr/local/texlive/2012/texmf-dist/tex/latex/pgf/basiclayer/pgf.sty
(/usr/local/texlive/2012/texmf-dist/tex/latex/pgf/utilities/pgfrcs.sty
(/usr/local/texlive/2012/texmf-dist/tex/generic/pgf/utilities/pgfutil-common.te
x)
(/usr/local/texlive/2012/texmf-dist/tex/generic/pgf/utilities/pgfutil-latex.def
(/usr/local/texlive/2012/texmf-dist/tex/latex/ms/everyshi.sty))
(/usr/local/texlive/2012/texmf-dist/tex/generic/pgf/utilities/pgfrcs.code.tex))
(/usr/local/texlive/2012/texmf-dist/tex/latex/pgf/basiclayer/pgfcore.sty
(/usr/local/texlive/2012/texmf-dist/tex/latex/graphics/graphicx.sty
(/usr/local/texlive/2012/texmf-dist/tex/latex/graphics/graphics.sty
(/usr/local/texlive/2012/texmf-dist/tex/latex/graphics/trig.sty)
(/usr/local/texlive/2012/texmf-dist/tex/latex/latexconfig/graphics.cfg)
(/usr/local/texlive/2012/texmf-dist/tex/xelatex/xetex-def/xetex.def)))
(/usr/local/texlive/2012/texmf-dist/tex/latex/pgf/systemlayer/pgfsys.sty
(/usr/local/texlive/2012/texmf-dist/tex/generic/pgf/systemlayer/pgfsys.code.tex
(/usr/local/texlive/2012/texmf-dist/tex/generic/pgf/utilities/pgfkeys.code.tex
(/usr/local/texlive/2012/texmf-dist/tex/generic/pgf/utilities/pgfkeysfiltered.c
ode.tex))
(/usr/local/texlive/2012/texmf-dist/tex/generic/pgf/systemlayer/pgf.cfg)
(/usr/local/texlive/2012/texmf-dist/tex/generic/pgf/systemlayer/pgfsys-xetex.de
f
(/usr/local/texlive/2012/texmf-dist/tex/generic/pgf/systemlayer/pgfsys-common-p
df.def)
(/usr/local/texlive/2012/texmf-dist/tex/generic/pgf/systemlayer/pgfsys-common-p
df-via-dvi.def)))
(/usr/local/texlive/2012/texmf-dist/tex/generic/pgf/systemlayer/pgfsyssoftpath.
code.tex)
(/usr/local/texlive/2012/texmf-dist/tex/generic/pgf/systemlayer/pgfsysprotocol.
code.tex)) (/usr/local/texlive/2012/texmf-dist/tex/latex/xcolor/xcolor.sty
(/usr/local/texlive/2012/texmf-dist/tex/latex/latexconfig/color.cfg))
(/usr/local/texlive/2012/texmf-dist/tex/generic/pgf/basiclayer/pgfcore.code.tex
(/usr/local/texlive/2012/texmf-dist/tex/generic/pgf/math/pgfmath.code.tex
(/usr/local/texlive/2012/texmf-dist/tex/generic/pgf/math/pgfmathcalc.code.tex
(/usr/local/texlive/2012/texmf-dist/tex/generic/pgf/math/pgfmathutil.code.tex)
(/usr/local/texlive/2012/texmf-dist/tex/generic/pgf/math/pgfmathparser.code.tex
)
(/usr/local/texlive/2012/texmf-dist/tex/generic/pgf/math/pgfmathfunctions.code.
tex
(/usr/local/texlive/2012/texmf-dist/tex/generic/pgf/math/pgfmathfunctions.basic
.code.tex)
(/usr/local/texlive/2012/texmf-dist/tex/generic/pgf/math/pgfmathfunctions.trigo
nometric.code.tex)
(/usr/local/texlive/2012/texmf-dist/tex/generic/pgf/math/pgfmathfunctions.rando
m.code.tex)
(/usr/local/texlive/2012/texmf-dist/tex/generic/pgf/math/pgfmathfunctions.compa
rison.code.tex)
(/usr/local/texlive/2012/texmf-dist/tex/generic/pgf/math/pgfmathfunctions.base.
code.tex)
(/usr/local/texlive/2012/texmf-dist/tex/generic/pgf/math/pgfmathfunctions.round
.code.tex)
(/usr/local/texlive/2012/texmf-dist/tex/generic/pgf/math/pgfmathfunctions.misc.
code.tex)))
(/usr/local/texlive/2012/texmf-dist/tex/generic/pgf/math/pgfmathfloat.code.tex)
)
(/usr/local/texlive/2012/texmf-dist/tex/generic/pgf/basiclayer/pgfcorepoints.co
de.tex)
(/usr/local/texlive/2012/texmf-dist/tex/generic/pgf/basiclayer/pgfcorepathconst
ruct.code.tex)
(/usr/local/texlive/2012/texmf-dist/tex/generic/pgf/basiclayer/pgfcorepathusage
.code.tex)
(/usr/local/texlive/2012/texmf-dist/tex/generic/pgf/basiclayer/pgfcorescopes.co
de.tex)
(/usr/local/texlive/2012/texmf-dist/tex/generic/pgf/basiclayer/pgfcoregraphicst
ate.code.tex)
(/usr/local/texlive/2012/texmf-dist/tex/generic/pgf/basiclayer/pgfcoretransform
ations.code.tex)
(/usr/local/texlive/2012/texmf-dist/tex/generic/pgf/basiclayer/pgfcorequick.cod
e.tex)
(/usr/local/texlive/2012/texmf-dist/tex/generic/pgf/basiclayer/pgfcoreobjects.c
ode.tex)
(/usr/local/texlive/2012/texmf-dist/tex/generic/pgf/basiclayer/pgfcorepathproce
ssing.code.tex)
(/usr/local/texlive/2012/texmf-dist/tex/generic/pgf/basiclayer/pgfcorearrows.co
de.tex)
(/usr/local/texlive/2012/texmf-dist/tex/generic/pgf/basiclayer/pgfcoreshade.cod
e.tex)
(/usr/local/texlive/2012/texmf-dist/tex/generic/pgf/basiclayer/pgfcoreimage.cod
e.tex
(/usr/local/texlive/2012/texmf-dist/tex/generic/pgf/basiclayer/pgfcoreexternal.
code.tex))
(/usr/local/texlive/2012/texmf-dist/tex/generic/pgf/basiclayer/pgfcorelayers.co
de.tex)
(/usr/local/texlive/2012/texmf-dist/tex/generic/pgf/basiclayer/pgfcoretranspare
ncy.code.tex)
(/usr/local/texlive/2012/texmf-dist/tex/generic/pgf/basiclayer/pgfcorepatterns.
code.tex)))
(/usr/local/texlive/2012/texmf-dist/tex/generic/pgf/modules/pgfmoduleshapes.cod
e.tex)
(/usr/local/texlive/2012/texmf-dist/tex/generic/pgf/modules/pgfmoduleplot.code.
tex)
(/usr/local/texlive/2012/texmf-dist/tex/latex/pgf/compatibility/pgfcomp-version
-0-65.sty)
(/usr/local/texlive/2012/texmf-dist/tex/latex/pgf/compatibility/pgfcomp-version
-1-18.sty))
(/usr/local/texlive/2012/texmf-dist/tex/latex/pgf/utilities/pgffor.sty
(/usr/local/texlive/2012/texmf-dist/tex/latex/pgf/utilities/pgfkeys.sty
(/usr/local/texlive/2012/texmf-dist/tex/generic/pgf/utilities/pgfkeys.code.tex)
) (/usr/local/texlive/2012/texmf-dist/tex/generic/pgf/utilities/pgffor.code.tex
))
(/usr/local/texlive/2012/texmf-dist/tex/generic/pgf/frontendlayer/tikz/tikz.cod
e.tex
(/usr/local/texlive/2012/texmf-dist/tex/generic/pgf/libraries/pgflibraryplothan
dlers.code.tex)
(/usr/local/texlive/2012/texmf-dist/tex/generic/pgf/modules/pgfmodulematrix.cod
e.tex)
(/usr/local/texlive/2012/texmf-dist/tex/generic/pgf/frontendlayer/tikz/librarie
s/tikzlibrarytopaths.code.tex)))
(/usr/local/texlive/2012/texmf-dist/tex/latex/float/float.sty)
(/usr/local/texlive/2012/texmf-dist/tex/latex/caption/caption.sty
(/usr/local/texlive/2012/texmf-dist/tex/latex/caption/caption3.sty))
(/usr/local/texlive/2012/texmf-dist/tex/generic/pgf/frontendlayer/tikz/librarie
s/tikzlibraryshapes.code.tex
(/usr/local/texlive/2012/texmf-dist/tex/generic/pgf/frontendlayer/tikz/librarie
s/tikzlibraryshapes.geometric.code.tex
(/usr/local/texlive/2012/texmf-dist/tex/generic/pgf/libraries/shapes/pgflibrary
shapes.geometric.code.tex))
(/usr/local/texlive/2012/texmf-dist/tex/generic/pgf/frontendlayer/tikz/librarie
s/tikzlibraryshapes.misc.code.tex
(/usr/local/texlive/2012/texmf-dist/tex/generic/pgf/libraries/shapes/pgflibrary
shapes.misc.code.tex))
(/usr/local/texlive/2012/texmf-dist/tex/generic/pgf/frontendlayer/tikz/librarie
s/tikzlibraryshapes.symbols.code.tex
(/usr/local/texlive/2012/texmf-dist/tex/generic/pgf/libraries/shapes/pgflibrary
shapes.symbols.code.tex))
(/usr/local/texlive/2012/texmf-dist/tex/generic/pgf/frontendlayer/tikz/librarie
s/tikzlibraryshapes.arrows.code.tex
(/usr/local/texlive/2012/texmf-dist/tex/generic/pgf/libraries/shapes/pgflibrary
shapes.arrows.code.tex))
(/usr/local/texlive/2012/texmf-dist/tex/generic/pgf/frontendlayer/tikz/librarie
s/tikzlibraryshapes.callouts.code.tex
(/usr/local/texlive/2012/texmf-dist/tex/generic/pgf/libraries/shapes/pgflibrary
shapes.callouts.code.tex))
(/usr/local/texlive/2012/texmf-dist/tex/generic/pgf/frontendlayer/tikz/librarie
s/tikzlibraryshapes.multipart.code.tex
(/usr/local/texlive/2012/texmf-dist/tex/generic/pgf/libraries/shapes/pgflibrary
shapes.multipart.code.tex)))
(/usr/local/texlive/2012/texmf-dist/tex/generic/pgf/frontendlayer/tikz/librarie
s/tikzlibraryarrows.code.tex
(/usr/local/texlive/2012/texmf-dist/tex/generic/pgf/libraries/pgflibraryarrows.
code.tex)) (/usr/local/texlive/2012/texmf-dist/tex/latex/fontspec/fontspec.sty
(/usr/local/texlive/2012/texmf-dist/tex/latex/l3kernel/expl3.sty
(/usr/local/texlive/2012/texmf-dist/tex/latex/l3kernel/l3names.sty
(/usr/local/texlive/2012/texmf-dist/tex/latex/l3kernel/l3bootstrap.sty))
(/usr/local/texlive/2012/texmf-dist/tex/latex/etex-pkg/etex.sty)
(/usr/local/texlive/2012/texmf-dist/tex/latex/l3kernel/l3basics.sty)
(/usr/local/texlive/2012/texmf-dist/tex/latex/l3kernel/l3expan.sty)
(/usr/local/texlive/2012/texmf-dist/tex/latex/l3kernel/l3tl.sty)
(/usr/local/texlive/2012/texmf-dist/tex/latex/l3kernel/l3seq.sty)
(/usr/local/texlive/2012/texmf-dist/tex/latex/l3kernel/l3int.sty)
(/usr/local/texlive/2012/texmf-dist/tex/latex/l3kernel/l3quark.sty)
(/usr/local/texlive/2012/texmf-dist/tex/latex/l3kernel/l3prg.sty)
(/usr/local/texlive/2012/texmf-dist/tex/latex/l3kernel/l3clist.sty)
(/usr/local/texlive/2012/texmf-dist/tex/latex/l3kernel/l3token.sty)
(/usr/local/texlive/2012/texmf-dist/tex/latex/l3kernel/l3prop.sty)
(/usr/local/texlive/2012/texmf-dist/tex/latex/l3kernel/l3msg.sty)
(/usr/local/texlive/2012/texmf-dist/tex/latex/l3kernel/l3file.sty)
(/usr/local/texlive/2012/texmf-dist/tex/latex/l3kernel/l3skip.sty)
(/usr/local/texlive/2012/texmf-dist/tex/latex/l3kernel/l3keys.sty)
(/usr/local/texlive/2012/texmf-dist/tex/latex/l3kernel/l3fp.sty)
(/usr/local/texlive/2012/texmf-dist/tex/latex/l3kernel/l3box.sty)
(/usr/local/texlive/2012/texmf-dist/tex/latex/l3kernel/l3coffins.sty)
(/usr/local/texlive/2012/texmf-dist/tex/latex/l3kernel/l3color.sty)
(/usr/local/texlive/2012/texmf-dist/tex/latex/l3kernel/l3luatex.sty))
(/usr/local/texlive/2012/texmf-dist/tex/latex/l3packages/xparse/xparse.sty)
(/usr/local/texlive/2012/texmf-dist/tex/latex/fontspec/fontspec-patches.sty
(/usr/local/texlive/2012/texmf-dist/tex/latex/base/fixltx2e.sty)
*************************************************
* LaTeX warning: "xparse/redefine-command"
* 
* Redefining document command \oldstylenums with arg. spec. 'm' on line 107.
*************************************************
) (/usr/local/texlive/2012/texmf-dist/tex/latex/fontspec/fontspec-xetex.sty
(/usr/local/texlive/2012/texmf-dist/tex/latex/base/fontenc.sty
(/usr/local/texlive/2012/texmf-dist/tex/latex/euenc/eu1enc.def)
(/usr/local/texlive/2012/texmf-dist/tex/latex/euenc/eu1lmr.fd))
(/usr/local/texlive/2012/texmf-dist/tex/xelatex/xunicode/xunicode.sty
(/usr/local/texlive/2012/texmf-dist/tex/latex/tipa/t3enc.def
(/usr/local/texlive/2012/texmf-dist/tex/latex/euenc/eu1lmss.fd)))
(/usr/local/texlive/2012/texmf-dist/tex/latex/fontspec/fontspec.cfg)))
(/usr/local/texlive/2012/texmf-dist/tex/latex/xltxtra/xltxtra.sty
(/usr/local/texlive/2012/texmf-dist/tex/generic/oberdiek/ifluatex.sty)
(/usr/local/texlive/2012/texmf-dist/tex/latex/realscripts/realscripts.sty
*************************************************
* LaTeX warning: "xparse/redefine-command"
* 
* Redefining document command \textsubscript with arg. spec. 's' on line 25.
*************************************************
*************************************************
* LaTeX warning: "xparse/redefine-command"
* 
* Redefining document command \textsuperscript with arg. spec. 's' on line 28.
*************************************************
) (/usr/local/texlive/2012/texmf-dist/tex/latex/metalogo/metalogo.sty))
(/usr/local/texlive/2012/texmf-dist/tex/latex/hyperref/hyperref.sty
(/usr/local/texlive/2012/texmf-dist/tex/generic/oberdiek/hobsub-hyperref.sty
(/usr/local/texlive/2012/texmf-dist/tex/generic/oberdiek/hobsub-generic.sty))
(/usr/local/texlive/2012/texmf-dist/tex/latex/oberdiek/kvoptions.sty)
(/usr/local/texlive/2012/texmf-dist/tex/latex/hyperref/pd1enc.def)
(/usr/local/texlive/2012/texmf-dist/tex/xelatex/xetexconfig/hyperref.cfg)
(/usr/local/texlive/2012/texmf-dist/tex/latex/hyperref/backref.sty
(/usr/local/texlive/2012/texmf-dist/tex/latex/oberdiek/rerunfilecheck.sty))
(/usr/local/texlive/2012/texmf-dist/tex/latex/url/url.sty))

Package hyperref Message: Driver (autodetected): hxetex.

(/usr/local/texlive/2012/texmf-dist/tex/latex/hyperref/hxetex.def
(/usr/local/texlive/2012/texmf-dist/tex/latex/hyperref/puenc.def)
(/usr/local/texlive/2012/texmf-dist/tex/generic/oberdiek/stringenc.sty))

Package hyperref Warning: Option `bookmarks' has already been used,
(hyperref)                setting the option has no effect on input line 64.


Package hyperref Warning: XeTeX driver only supports `unicode=true'. Ignoring
(hyperref)                option setting `unicode=false' on input line 64.

(/usr/local/texlive/2012/texmf-dist/tex/latex/listings/listings.sty
(/usr/local/texlive/2012/texmf-dist/tex/latex/listings/lstmisc.sty)
(/usr/local/texlive/2012/texmf-dist/tex/latex/listings/listings.cfg))

Package Fancyhdr Warning: \fancyhead's `E' option without twoside option is use
less on input line 160.


Package Fancyhdr Warning: \fancyhead's `E' option without twoside option is use
less on input line 163.

(/usr/local/texlive/2012/texmf-dist/tex/latex/titlesec/ttlkeys.def))
(/Users/nmontes/Library/texmf/tex/latex/mmd/mmd-abitbol-begin-doc.tex
No file latest.aux.
(/usr/local/texlive/2012/texmf-dist/tex/latex/tipa/t3cmr.fd)
*geometry* driver: auto-detecting
*geometry* detected driver: xetex

Package frenchb.ldf Warning: The definition of \@makecaption has been changed,
(frenchb.ldf)                frenchb will NOT customise it;
(frenchb.ldf)                reported on input line 5.

ABD: EveryShipout initializing macros
(/usr/local/texlive/2012/texmf-dist/tex/latex/hyperref/nameref.sty
(/usr/local/texlive/2012/texmf-dist/tex/generic/oberdiek/gettitlestring.sty))

Package hyperref Warning: Rerun to get /PageLabels entry.

<use  "logoEUROP.pdf" >
(/usr/local/texlive/2012/texmf-dist/tex/generic/oberdiek/se-ascii-print.def)
[1])

LaTeX Font Warning: Font shape `EU1/HelveticaNeueBold(0)/bx/n' undefined
(Font)              using `EU1/HelveticaNeueBold(0)/m/n' instead on input line 
15.


Overfull \hbox (47.4472pt too wide) in paragraph at lines 18--18
[] []| []

Overfull \hbox (38.8899pt too wide) in paragraph at lines 27--28
[] []|[]

Overfull \hbox (38.8899pt too wide) in paragraph at lines 44--46
[] []|[]
[2]
Chapitre 1.

Class scrreprt Warning: \float@addtolists detected!
(scrreprt)              You should use the features of package `tocbasic'
(scrreprt)              instead of \float@addtolists.
(scrreprt)              Support for \float@addtolists may be removed from
(scrreprt)              `scrreprt' soon .

(/usr/local/texlive/2012/texmf-dist/tex/latex/amsfonts/umsa.fd)
(/usr/local/texlive/2012/texmf-dist/tex/latex/amsfonts/umsb.fd) [3]
Chapitre 2.

Overfull \hbox (38.8899pt too wide) in paragraph at lines 85--85
[] []|[]

Overfull \hbox (43.90721pt too wide) in paragraph at lines 99--99
 []\EU1/Courier(0)/m/n/10.95 precise-updates/grizzly main >> /etc/apt/sources.l
ist.d/grizzly.list[] 

Overfull \hbox (38.8899pt too wide) in paragraph at lines 116--116
[] []|[]
[4]
Overfull \hbox (38.8899pt too wide) in paragraph at lines 147--147
[] []|[]

Overfull \hbox (78.9529pt too wide) in paragraph at lines 189--189
 []\EU1/Courier(0)/m/n/10.95 GRANT ALL ON keystone.* TO 'keystoneUser'@'%' IDEN
TIFIED BY 'keystonePass';[] 

Overfull \hbox (39.52657pt too wide) in paragraph at lines 189--189
 []\EU1/Courier(0)/m/n/10.95 GRANT ALL ON glance.* TO 'glanceUser'@'%' IDENTIFI
ED BY 'glancePass';[] 

Overfull \hbox (59.23972pt too wide) in paragraph at lines 189--189
 []\EU1/Courier(0)/m/n/10.95 GRANT ALL ON quantum.* TO 'quantumUser'@'%' IDENTI
FIED BY 'quantumPass';[] 

Overfull \hbox (0.1002pt too wide) in paragraph at lines 189--189
 []\EU1/Courier(0)/m/n/10.95 GRANT ALL ON nova.* TO 'novaUser'@'%' IDENTIFIED B
Y 'novaPass';[] 

Overfull \hbox (39.52657pt too wide) in paragraph at lines 189--189
 []\EU1/Courier(0)/m/n/10.95 GRANT ALL ON cinder.* TO 'cinderUser'@'%' IDENTIFI
ED BY 'cinderPass';[] 

Overfull \hbox (38.8899pt too wide) in paragraph at lines 197--197
[] []|[]
[5]
Overfull \hbox (38.8899pt too wide) in paragraph at lines 217--217
[] []|[]

Overfull \hbox (38.8899pt too wide) in paragraph at lines 241--241
[] []|[]

Overfull \hbox (39.52652pt too wide) in paragraph at lines 254--254
 []\EU1/Courier(0)/m/n/10.95 connection = mysql://keystoneUser:keystonePass@10.
10.10.51/keystone[] 

Overfull \hbox (76.76599pt too wide) in paragraph at lines 283--283
[]    \EU1/Courier(0)/m/n/10.95 wget https://raw.github.com/mseknibilel/OpenSta
ck-Grizzly-Install-Guide/\[] 

Overfull \hbox (76.76599pt too wide) in paragraph at lines 283--283
[]    \EU1/Courier(0)/m/n/10.95 wget https://raw.github.com/mseknibilel/OpenSta
ck-Grizzly-Install-Guide/\[] 
[6]
Overfull \hbox (38.8899pt too wide) in paragraph at lines 315--315
[] []|[]

Overfull \hbox (0.10016pt too wide) in paragraph at lines 336--336
 []\EU1/Courier(0)/m/n/10.95 paste.filter_factory = keystoneclient.middleware.a
uth_token:\[] 

Overfull \hbox (0.10016pt too wide) in paragraph at lines 351--351
 []\EU1/Courier(0)/m/n/10.95 paste.filter_factory = keystoneclient.middleware.a
uth_token:\[] 

Overfull \hbox (26.3844pt too wide) in paragraph at lines 358--358
 []\EU1/Courier(0)/m/n/10.95 sql_connection = mysql://glanceUser:glancePass@10.
10.10.51/glance[] 
[7]
Overfull \hbox (26.3844pt too wide) in paragraph at lines 373--373
 []\EU1/Courier(0)/m/n/10.95 sql_connection = mysql://glanceUser:glancePass@10.
10.10.51/glance[] 

Overfull \hbox (38.8899pt too wide) in paragraph at lines 420--420
[] []|[]

Overfull \hbox (79.22545pt too wide) in paragraph at lines 428--429
[]\EU1/lmr/m/n/10.95 Edit the OVS plugin configuration file /etc/quantum/plugin
s/openvswitch/ovs_quantum_plugin.ini

Overfull \hbox (46.09756pt too wide) in paragraph at lines 440--440
 []\EU1/Courier(0)/m/n/10.95 sql_connection = mysql://quantumUser:quantumPass@1
0.10.10.51/quantum[] 

Overfull \hbox (0.10016pt too wide) in paragraph at lines 455--455
 []\EU1/Courier(0)/m/n/10.95 paste.filter_factory = keystoneclient.middleware.a
uth_token:\[] 
[8]
Overfull \hbox (38.8899pt too wide) in paragraph at lines 484--484
[] []|[]

Overfull \hbox (0.10016pt too wide) in paragraph at lines 508--508
 []\EU1/Courier(0)/m/n/10.95 paste.filter_factory = keystoneclient.middleware.a
uth_token:\[] 

Overfull \hbox (11.05193pt too wide) in paragraph at lines 566--566
 []\EU1/Courier(0)/m/n/10.95 compute_scheduler_driver=nova.scheduler.simple.Sim
pleScheduler[] 
[9]
Overfull \hbox (57.04933pt too wide) in paragraph at lines 566--566
 []\EU1/Courier(0)/m/n/10.95 libvirt_vif_driver=nova.virt.libvirt.vif.LibvirtHy
bridOVSBridgeDriver[] 

Overfull \hbox (76.76251pt too wide) in paragraph at lines 566--566
 []\EU1/Courier(0)/m/n/10.95 linuxnet_interface_driver=nova.network.linux_net.L
inuxOVSInterfaceDriver[] 

Overfull \hbox (30.7651pt too wide) in paragraph at lines 566--566
 []\EU1/Courier(0)/m/n/10.95 firewall_driver=nova.virt.libvirt.firewall.Iptable
sFirewallDriver[] 
[10]
Overfull \hbox (59.23972pt too wide) in paragraph at lines 580--580
 []\EU1/Courier(0)/m/n/10.95 cd /etc/init.d/; for i in $( ls nova-* ); do sudo 
service $i restart; done[] 

Overfull \hbox (48.49759pt too wide) in paragraph at lines 595--595
[] []|[]

Overfull \hbox (26.3844pt too wide) in paragraph at lines 651--651
 []\EU1/Courier(0)/m/n/10.95 sql_connection = mysql://cinderUser:cinderPass@10.
10.10.51/cinder[] 
[11]
Overfull \hbox (41.7169pt too wide) in paragraph at lines 698--698
 []\EU1/Courier(0)/m/n/10.95 cd /etc/init.d/; for i in $( ls cinder-* ); do sud
o service $i restart;[] 

Overfull \hbox (35.14584pt too wide) in paragraph at lines 706--706
 []\EU1/Courier(0)/m/n/10.95 cd /etc/init.d/; for i in $( ls cinder-* ); do sud
o service $i status;[] 

Overfull \hbox (48.49759pt too wide) in paragraph at lines 714--714
[] []|[]
[12] [13]
Chapitre 3.

Overfull \hbox (38.8899pt too wide) in paragraph at lines 744--744
[] []|[]

Overfull \hbox (43.90721pt too wide) in paragraph at lines 758--758
 []\EU1/Courier(0)/m/n/10.95 precise-updates/grizzly main >> /etc/apt/sources.l
ist.d/grizzly.list[] 

Overfull \hbox (72.38182pt too wide) in paragraph at lines 794--794
 []\EU1/Courier(0)/m/n/10.95 sed -i 's/server 0.ubuntu.pool.ntp.org/#server 0.u
buntu.pool.ntp.org/g' \[] 

Overfull \hbox (72.38182pt too wide) in paragraph at lines 794--794
 []\EU1/Courier(0)/m/n/10.95 sed -i 's/server 1.ubuntu.pool.ntp.org/#server 1.u
buntu.pool.ntp.org/g' \[] 

Overfull \hbox (72.38182pt too wide) in paragraph at lines 794--794
 []\EU1/Courier(0)/m/n/10.95 sed -i 's/server 2.ubuntu.pool.ntp.org/#server 2.u
buntu.pool.ntp.org/g' \[] 

Overfull \hbox (72.38182pt too wide) in paragraph at lines 794--794
 []\EU1/Courier(0)/m/n/10.95 sed -i 's/server 3.ubuntu.pool.ntp.org/#server 3.u
buntu.pool.ntp.org/g' \[] 

Overfull \hbox (32.95546pt too wide) in paragraph at lines 794--794
 []\EU1/Courier(0)/m/n/10.95 sed -i 's/server ntp.ubuntu.com/server 10.10.10.51
/g' /etc/ntp.conf[] 
[14]
Overfull \hbox (38.8899pt too wide) in paragraph at lines 820--820
[] []|[]

Overfull \hbox (38.8899pt too wide) in paragraph at lines 849--849
[] []|[]

Overfull \hbox (8.86159pt too wide) in paragraph at lines 854--854
 []\EU1/Courier(0)/m/n/10.95 apt-get install -y openvswitch-switch openvswitch-
datapath-dkms[] 

Overfull \hbox (38.8899pt too wide) in paragraph at lines 873--873
[] []|[]
[15]
Overfull \hbox (65.81073pt too wide) in paragraph at lines 879--879
 []\EU1/Courier(0)/m/n/10.95 apt-get -y install quantum-plugin-openvswitch-agen
t quantum-dhcp-agent \[] 

Overfull \hbox (79.22545pt too wide) in paragraph at lines 897--898
[]\EU1/lmr/m/n/10.95 Edit the OVS plugin configuration file /etc/quantum/plugin
s/openvswitch/ovs_quantum_plugin.ini

Overfull \hbox (46.09756pt too wide) in paragraph at lines 912--912
 []\EU1/Courier(0)/m/n/10.95 sql_connection = mysql://quantumUser:quantumPass@1
0.10.10.51/quantum[] 
[16]
Overfull \hbox (38.8899pt too wide) in paragraph at lines 966--966
[] []|[]
[17]
Chapitre 4.

Overfull \hbox (38.8899pt too wide) in paragraph at lines 999--999
[] []|[]

Overfull \hbox (43.90721pt too wide) in paragraph at lines 1013--1013
 []\EU1/Courier(0)/m/n/10.95 precise-updates/grizzly main >> /etc/apt/sources.l
ist.d/grizzly.list[] 

Overfull \hbox (72.38182pt too wide) in paragraph at lines 1049--1049
 []\EU1/Courier(0)/m/n/10.95 sed -i 's/server 0.ubuntu.pool.ntp.org/#server 0.u
buntu.pool.ntp.org/g' \[] 

Overfull \hbox (72.38182pt too wide) in paragraph at lines 1049--1049
 []\EU1/Courier(0)/m/n/10.95 sed -i 's/server 1.ubuntu.pool.ntp.org/#server 1.u
buntu.pool.ntp.org/g' \[] 

Overfull \hbox (72.38182pt too wide) in paragraph at lines 1049--1049
 []\EU1/Courier(0)/m/n/10.95 sed -i 's/server 2.ubuntu.pool.ntp.org/#server 2.u
buntu.pool.ntp.org/g' \[] 

Overfull \hbox (72.38182pt too wide) in paragraph at lines 1049--1049
 []\EU1/Courier(0)/m/n/10.95 sed -i 's/server 3.ubuntu.pool.ntp.org/#server 3.u
buntu.pool.ntp.org/g' \[] 

Overfull \hbox (32.95546pt too wide) in paragraph at lines 1049--1049
 []\EU1/Courier(0)/m/n/10.95 sed -i 's/server ntp.ubuntu.com/server 10.10.10.51
/g' /etc/ntp.conf[] 
[18]
Overfull \hbox (38.8899pt too wide) in paragraph at lines 1075--1075
[] []|[]

Overfull \hbox (38.8899pt too wide) in paragraph at lines 1098--1098
[] []|[]
[19]
Overfull \hbox (38.8899pt too wide) in paragraph at lines 1169--1169
[] []|[]

Overfull \hbox (8.86159pt too wide) in paragraph at lines 1174--1174
 []\EU1/Courier(0)/m/n/10.95 apt-get install -y openvswitch-switch openvswitch-
datapath-dkms[] 

Overfull \hbox (38.8899pt too wide) in paragraph at lines 1190--1190
[] []|[]

Overfull \hbox (79.22545pt too wide) in paragraph at lines 1198--1199
[]\EU1/lmr/m/n/10.95 Edit the OVS plugin configuration file /etc/quantum/plugin
s/openvswitch/ovs_quantum_plugin.ini

Overfull \hbox (46.09756pt too wide) in paragraph at lines 1213--1213
 []\EU1/Courier(0)/m/n/10.95 sql_connection = mysql://quantumUser:quantumPass@1
0.10.10.51/quantum[] 
[20]
Overfull \hbox (38.8899pt too wide) in paragraph at lines 1246--1246
[] []|[]

Overfull \hbox (0.10016pt too wide) in paragraph at lines 1269--1269
 []\EU1/Courier(0)/m/n/10.95 paste.filter_factory = keystoneclient.middleware.a
uth_token:\[] 

Overfull \hbox (57.04933pt too wide) in paragraph at lines 1281--1281
 []\EU1/Courier(0)/m/n/10.95 libvirt_vif_driver=nova.virt.libvirt.vif.LibvirtHy
bridOVSBridgeDriver[] 
[21]
Overfull \hbox (11.05193pt too wide) in paragraph at lines 1338--1338
 []\EU1/Courier(0)/m/n/10.95 compute_scheduler_driver=nova.scheduler.simple.Sim
pleScheduler[] 

Overfull \hbox (57.04933pt too wide) in paragraph at lines 1338--1338
 []\EU1/Courier(0)/m/n/10.95 libvirt_vif_driver=nova.virt.libvirt.vif.LibvirtHy
bridOVSBridgeDriver[] 

Overfull \hbox (30.7651pt too wide) in paragraph at lines 1338--1338
 []\EU1/Courier(0)/m/n/10.95 firewall_driver=nova.virt.libvirt.firewall.Iptable
sFirewallDriver[] 
[22] [23]
Chapitre 5.

Overfull \hbox (6.67123pt too wide) in paragraph at lines 1378--1378
 []\EU1/Courier(0)/m/n/10.95 --tenant-id $put_id_of_project_one --email=user_on
e@domain.com[] 

Overfull \hbox (4.48088pt too wide) in paragraph at lines 1378--1378
 []\EU1/Courier(0)/m/n/10.95 --user-id $put_id_of_user_one --role-id $put_id_of
_member_role[] 

Overfull \hbox (28.57475pt too wide) in paragraph at lines 1385--1385
 []\EU1/Courier(0)/m/n/10.95 quantum net-create --tenant-id $put_id_of_project_
one net_proj_one[] 

Overfull \hbox (13.2423pt too wide) in paragraph at lines 1433--1433
 []\EU1/Courier(0)/m/n/10.95 quantum net-create --tenant-id $put_id_of_admin_te
nant ext_net \[] 
[24]
Overfull \hbox (0.10016pt too wide) in paragraph at lines 1443--1443
 []\EU1/Courier(0)/m/n/10.95 --allocation-pool start=192.168.100.102,end=192.16
8.100.126 \[] 

Overfull \hbox (116.18884pt too wide) in paragraph at lines 1450--1450
 []\EU1/Courier(0)/m/n/10.95 quantum router-gateway-set $put_router_proj_one_id
_here $put_id_of_ext_net_here[] 

Overfull \hbox (35.14581pt too wide) in paragraph at lines 1479--1479
 []\EU1/Courier(0)/m/n/10.95 nova --no-cache boot --image $id_myFirstImage --fl
avor 1 my_first_vm[] 

Overfull \hbox (17.623pt too wide) in paragraph at lines 1493--1493
 []\EU1/Courier(0)/m/n/10.95 quantum floatingip-associate $put_id_floating_ip $
put_id_vm_port[] 
[25]
Chapitre 6.
[26]
Chapitre 7.
[27] (./latest.aux)

LaTeX Font Warning: Some font shapes were not available, defaults substituted.


LaTeX Warning: Label(s) may have changed. Rerun to get cross-references right.

 )
(see the transcript file for additional information)
Output written on latest.pdf (27 pages).
Transcript written on latest.log.
